<?xml version="1.0" ?>
<!DOCTYPE coverage
  SYSTEM 'http://cobertura.sourceforge.net/xml/coverage-04.dtd'>
<coverage branch-rate="0.0" branches-covered="0" branches-valid="0" complexity="0" line-rate="0.6139694884833982" lines-covered="4105" lines-valid="6686" timestamp="1722008175" version="2.0.3">
	<sources>
		<source>.</source>
	</sources>
	<packages>
		<package line-rate="0.42857142857142855" branch-rate="0.0" name="include.Module" complexity="0">
			<classes>
				<class branch-rate="0.0" complexity="0" filename="include/Module/Module.hpp" line-rate="1.0" name="include.Module.Module.hpp">
					<methods>
						<method name="_ZN3spu6module6ModuleD0Ev" signature="" line-rate="0.0" branch-rate="0.0">
							<lines>
								<line hits="0" number="62" branch="false"/>
							</lines>
						</method>
						<method name="_ZN3spu6module6ModuleD2Ev" signature="" line-rate="1.0" branch-rate="1.0">
							<lines>
								<line hits="1539" number="62" branch="false"/>
							</lines>
						</method>
					</methods>
					<lines>
						<line branch="false" hits="1539" number="62"/>
					</lines>
				</class>
				<class branch-rate="0.0" complexity="0" filename="include/Module/Module.hxx" line-rate="0.4166666666666667" name="include.Module.Module.hxx">
					<methods>
						<method name="_ZN3spu6module6ModuleixEm" signature="" line-rate="0.0" branch-rate="0.0">
							<lines>
								<line hits="0" number="13" branch="false"/>
							</lines>
						</method>
						<method name="_ZNK3spu6module6ModuleixEm" signature="" line-rate="1.0" branch-rate="1.0">
							<lines>
								<line hits="232" number="22" branch="false"/>
							</lines>
						</method>
						<method name="_ZN3spu6module6ModuleixERKNSt7__cxx1112basic_stringIcSt11char_traitsIcESaIcEEE" signature="" line-rate="0.0" branch-rate="0.0">
							<lines>
								<line hits="0" number="31" branch="false"/>
							</lines>
						</method>
						<method name="_ZZN3spu6module6ModuleixERKNSt7__cxx1112basic_stringIcSt11char_traitsIcESaIcEEEENKUlSt10shared_ptrINS_7runtime6SocketEEE_clESD_" signature="" line-rate="0.0" branch-rate="0.0">
							<lines>
								<line hits="0" number="48" branch="false"/>
							</lines>
						</method>
						<method name="_ZN3spu6module6ModuleclERKNSt7__cxx1112basic_stringIcSt11char_traitsIcESaIcEEE" signature="" line-rate="0.0" branch-rate="0.0">
							<lines>
								<line hits="0" number="61" branch="false"/>
							</lines>
						</method>
						<method name="_ZZN3spu6module6ModuleclERKNSt7__cxx1112basic_stringIcSt11char_traitsIcESaIcEEEENKUlSt10shared_ptrINS_7runtime4TaskEEE_clESD_" signature="" line-rate="0.0" branch-rate="0.0">
							<lines>
								<line hits="0" number="65" branch="false"/>
							</lines>
						</method>
						<method name="_ZN3spu6module6Module16create_socket_inIiEEmRNS_7runtime4TaskERKNSt7__cxx1112basic_stringIcSt11char_traitsIcESaIcEEEm" signature="" line-rate="0.0" branch-rate="0.0">
							<lines>
								<line hits="0" number="79" branch="false"/>
							</lines>
						</method>
						<method name="_ZN3spu6module6Module16create_socket_inItEEmRNS_7runtime4TaskERKNSt7__cxx1112basic_stringIcSt11char_traitsIcESaIcEEEm" signature="" line-rate="0.0" branch-rate="0.0">
							<lines>
								<line hits="0" number="79" branch="false"/>
							</lines>
						</method>
						<method name="_ZN3spu6module6Module16create_socket_inIjEEmRNS_7runtime4TaskERKNSt7__cxx1112basic_stringIcSt11char_traitsIcESaIcEEEm" signature="" line-rate="1.0" branch-rate="1.0">
							<lines>
								<line hits="65" number="79" branch="false"/>
							</lines>
						</method>
						<method name="_ZN3spu6module6Module16create_socket_inIhEEmRNS_7runtime4TaskERKNSt7__cxx1112basic_stringIcSt11char_traitsIcESaIcEEEm" signature="" line-rate="1.0" branch-rate="1.0">
							<lines>
								<line hits="1117" number="79" branch="false"/>
							</lines>
						</method>
						<method name="_ZN3spu6module6Module16create_socket_inIlEEmRNS_7runtime4TaskERKNSt7__cxx1112basic_stringIcSt11char_traitsIcESaIcEEEm" signature="" line-rate="0.0" branch-rate="0.0">
							<lines>
								<line hits="0" number="79" branch="false"/>
							</lines>
						</method>
						<method name="_ZN3spu6module6Module16create_socket_inIdEEmRNS_7runtime4TaskERKNSt7__cxx1112basic_stringIcSt11char_traitsIcESaIcEEEm" signature="" line-rate="0.0" branch-rate="0.0">
							<lines>
								<line hits="0" number="79" branch="false"/>
							</lines>
						</method>
						<method name="_ZN3spu6module6Module16create_socket_inIaEEmRNS_7runtime4TaskERKNSt7__cxx1112basic_stringIcSt11char_traitsIcESaIcEEEm" signature="" line-rate="0.0" branch-rate="0.0">
							<lines>
								<line hits="0" number="79" branch="false"/>
							</lines>
						</method>
						<method name="_ZN3spu6module6Module16create_socket_inImEEmRNS_7runtime4TaskERKNSt7__cxx1112basic_stringIcSt11char_traitsIcESaIcEEEm" signature="" line-rate="1.0" branch-rate="1.0">
							<lines>
								<line hits="28" number="79" branch="false"/>
							</lines>
						</method>
						<method name="_ZN3spu6module6Module16create_socket_inIsEEmRNS_7runtime4TaskERKNSt7__cxx1112basic_stringIcSt11char_traitsIcESaIcEEEm" signature="" line-rate="0.0" branch-rate="0.0">
							<lines>
								<line hits="0" number="79" branch="false"/>
							</lines>
						</method>
						<method name="_ZN3spu6module6Module16create_socket_inIfEEmRNS_7runtime4TaskERKNSt7__cxx1112basic_stringIcSt11char_traitsIcESaIcEEEm" signature="" line-rate="0.0" branch-rate="0.0">
							<lines>
								<line hits="0" number="79" branch="false"/>
							</lines>
						</method>
						<method name="_ZN3spu6module6Module17create_socket_outIaEEmRNS_7runtime4TaskERKNSt7__cxx1112basic_stringIcSt11char_traitsIcESaIcEEEm" signature="" line-rate="0.0" branch-rate="0.0">
							<lines>
								<line hits="0" number="93" branch="false"/>
							</lines>
						</method>
						<method name="_ZN3spu6module6Module17create_socket_outIlEEmRNS_7runtime4TaskERKNSt7__cxx1112basic_stringIcSt11char_traitsIcESaIcEEEm" signature="" line-rate="0.0" branch-rate="0.0">
							<lines>
								<line hits="0" number="93" branch="false"/>
							</lines>
						</method>
						<method name="_ZN3spu6module6Module17create_socket_outIsEEmRNS_7runtime4TaskERKNSt7__cxx1112basic_stringIcSt11char_traitsIcESaIcEEEm" signature="" line-rate="0.0" branch-rate="0.0">
							<lines>
								<line hits="0" number="93" branch="false"/>
							</lines>
						</method>
						<method name="_ZN3spu6module6Module17create_socket_outIiEEmRNS_7runtime4TaskERKNSt7__cxx1112basic_stringIcSt11char_traitsIcESaIcEEEm" signature="" line-rate="0.0" branch-rate="0.0">
							<lines>
								<line hits="0" number="93" branch="false"/>
							</lines>
						</method>
						<method name="_ZN3spu6module6Module17create_socket_outIhEEmRNS_7runtime4TaskERKNSt7__cxx1112basic_stringIcSt11char_traitsIcESaIcEEEm" signature="" line-rate="1.0" branch-rate="1.0">
							<lines>
								<line hits="1047" number="93" branch="false"/>
							</lines>
						</method>
						<method name="_ZN3spu6module6Module17create_socket_outIfEEmRNS_7runtime4TaskERKNSt7__cxx1112basic_stringIcSt11char_traitsIcESaIcEEEm" signature="" line-rate="0.0" branch-rate="0.0">
							<lines>
								<line hits="0" number="93" branch="false"/>
							</lines>
						</method>
						<method name="_ZN3spu6module6Module17create_socket_outImEEmRNS_7runtime4TaskERKNSt7__cxx1112basic_stringIcSt11char_traitsIcESaIcEEEm" signature="" line-rate="0.0" branch-rate="0.0">
							<lines>
								<line hits="0" number="93" branch="false"/>
							</lines>
						</method>
						<method name="_ZN3spu6module6Module17create_socket_outIjEEmRNS_7runtime4TaskERKNSt7__cxx1112basic_stringIcSt11char_traitsIcESaIcEEEm" signature="" line-rate="1.0" branch-rate="1.0">
							<lines>
								<line hits="51" number="93" branch="false"/>
							</lines>
						</method>
						<method name="_ZN3spu6module6Module17create_socket_outItEEmRNS_7runtime4TaskERKNSt7__cxx1112basic_stringIcSt11char_traitsIcESaIcEEEm" signature="" line-rate="0.0" branch-rate="0.0">
							<lines>
								<line hits="0" number="93" branch="false"/>
							</lines>
						</method>
						<method name="_ZN3spu6module6Module17create_socket_outIdEEmRNS_7runtime4TaskERKNSt7__cxx1112basic_stringIcSt11char_traitsIcESaIcEEEm" signature="" line-rate="0.0" branch-rate="0.0">
							<lines>
								<line hits="0" number="93" branch="false"/>
							</lines>
						</method>
						<method name="_ZN3spu6module6Module17create_socket_fwdItEEmRNS_7runtime4TaskERKNSt7__cxx1112basic_stringIcSt11char_traitsIcESaIcEEEm" signature="" line-rate="0.0" branch-rate="0.0">
							<lines>
								<line hits="0" number="107" branch="false"/>
							</lines>
						</method>
						<method name="_ZN3spu6module6Module17create_socket_fwdImEEmRNS_7runtime4TaskERKNSt7__cxx1112basic_stringIcSt11char_traitsIcESaIcEEEm" signature="" line-rate="0.0" branch-rate="0.0">
							<lines>
								<line hits="0" number="107" branch="false"/>
							</lines>
						</method>
						<method name="_ZN3spu6module6Module17create_socket_fwdIaEEmRNS_7runtime4TaskERKNSt7__cxx1112basic_stringIcSt11char_traitsIcESaIcEEEm" signature="" line-rate="0.0" branch-rate="0.0">
							<lines>
								<line hits="0" number="107" branch="false"/>
							</lines>
						</method>
						<method name="_ZN3spu6module6Module17create_socket_fwdIhEEmRNS_7runtime4TaskERKNSt7__cxx1112basic_stringIcSt11char_traitsIcESaIcEEEm" signature="" line-rate="1.0" branch-rate="1.0">
							<lines>
								<line hits="796" number="107" branch="false"/>
							</lines>
						</method>
						<method name="_ZN3spu6module6Module17create_socket_fwdIiEEmRNS_7runtime4TaskERKNSt7__cxx1112basic_stringIcSt11char_traitsIcESaIcEEEm" signature="" line-rate="0.0" branch-rate="0.0">
							<lines>
								<line hits="0" number="107" branch="false"/>
							</lines>
						</method>
						<method name="_ZN3spu6module6Module17create_socket_fwdIjEEmRNS_7runtime4TaskERKNSt7__cxx1112basic_stringIcSt11char_traitsIcESaIcEEEm" signature="" line-rate="0.0" branch-rate="0.0">
							<lines>
								<line hits="0" number="107" branch="false"/>
							</lines>
						</method>
						<method name="_ZN3spu6module6Module17create_socket_fwdIsEEmRNS_7runtime4TaskERKNSt7__cxx1112basic_stringIcSt11char_traitsIcESaIcEEEm" signature="" line-rate="0.0" branch-rate="0.0">
							<lines>
								<line hits="0" number="107" branch="false"/>
							</lines>
						</method>
						<method name="_ZN3spu6module6Module17create_socket_fwdIdEEmRNS_7runtime4TaskERKNSt7__cxx1112basic_stringIcSt11char_traitsIcESaIcEEEm" signature="" line-rate="0.0" branch-rate="0.0">
							<lines>
								<line hits="0" number="107" branch="false"/>
							</lines>
						</method>
						<method name="_ZN3spu6module6Module17create_socket_fwdIfEEmRNS_7runtime4TaskERKNSt7__cxx1112basic_stringIcSt11char_traitsIcESaIcEEEm" signature="" line-rate="0.0" branch-rate="0.0">
							<lines>
								<line hits="0" number="107" branch="false"/>
							</lines>
						</method>
						<method name="_ZN3spu6module6Module17create_socket_fwdIlEEmRNS_7runtime4TaskERKNSt7__cxx1112basic_stringIcSt11char_traitsIcESaIcEEEm" signature="" line-rate="0.0" branch-rate="0.0">
							<lines>
								<line hits="0" number="107" branch="false"/>
							</lines>
						</method>
						<method name="_ZNK3spu6module6Module12get_n_framesEv" signature="" line-rate="1.0" branch-rate="1.0">
							<lines>
								<line hits="49708" number="162" branch="false"/>
							</lines>
						</method>
						<method name="_ZNK3spu6module6Module21get_n_frames_per_waveEv" signature="" line-rate="1.0" branch-rate="1.0">
							<lines>
								<line hits="2894469" number="168" branch="false"/>
							</lines>
						</method>
						<method name="_ZNK3spu6module6Module11get_n_wavesEv" signature="" line-rate="1.0" branch-rate="1.0">
							<lines>
								<line hits="2904767" number="174" branch="false"/>
							</lines>
						</method>
						<method name="_ZNK3spu6module6Module26get_n_frames_per_wave_restEv" signature="" line-rate="1.0" branch-rate="1.0">
							<lines>
								<line hits="2871613" number="180" branch="false"/>
							</lines>
						</method>
						<method name="_ZNK3spu6module6Module14is_single_waveEv" signature="" line-rate="1.0" branch-rate="1.0">
							<lines>
								<line hits="6091" number="186" branch="false"/>
							</lines>
						</method>
					</methods>
					<lines>
						<line branch="false" hits="0" number="13"/>
						<line branch="false" hits="0" number="15"/>
						<line branch="false" hits="0" number="16"/>
						<line branch="false" hits="0" number="18"/>
						<line branch="false" hits="232" number="22"/>
						<line branch="false" hits="232" number="24"/>
						<line branch="false" hits="232" number="25"/>
						<line branch="false" hits="232" number="27"/>
						<line branch="false" hits="0" number="31"/>
						<line branch="false" hits="0" number="33"/>
						<line branch="false" hits="0" number="34"/>
						<line branch="false" hits="0" number="36"/>
						<line branch="false" hits="0" number="37"/>
						<line branch="false" hits="0" number="38"/>
						<line branch="false" hits="0" number="40"/>
						<line branch="false" hits="0" number="41"/>
						<line branch="false" hits="0" number="42"/>
						<line branch="false" hits="0" number="43"/>
						<line branch="false" hits="0" number="44"/>
						<line branch="false" hits="0" number="48"/>
						<line branch="false" hits="0" number="50"/>
						<line branch="false" hits="0" number="52"/>
						<line branch="false" hits="0" number="53"/>
						<line branch="false" hits="0" number="54"/>
						<line branch="false" hits="0" number="57"/>
						<line branch="false" hits="0" number="61"/>
						<line branch="false" hits="0" number="65"/>
						<line branch="false" hits="0" number="67"/>
						<line branch="false" hits="0" number="69"/>
						<line branch="false" hits="0" number="70"/>
						<line branch="false" hits="0" number="71"/>
						<line branch="false" hits="0" number="74"/>
						<line branch="false" hits="1210" number="79"/>
						<line branch="false" hits="1210" number="81"/>
						<line branch="false" hits="1098" number="93"/>
						<line branch="false" hits="1098" number="95"/>
						<line branch="false" hits="796" number="107"/>
						<line branch="false" hits="796" number="109"/>
						<line branch="false" hits="49708" number="162"/>
						<line branch="false" hits="49708" number="164"/>
						<line branch="false" hits="2894469" number="168"/>
						<line branch="false" hits="2894469" number="170"/>
						<line branch="false" hits="2904767" number="174"/>
						<line branch="false" hits="2904767" number="176"/>
						<line branch="false" hits="2871613" number="180"/>
						<line branch="false" hits="2871613" number="182"/>
						<line branch="false" hits="6091" number="186"/>
						<line branch="false" hits="6091" number="188"/>
					</lines>
				</class>
			</classes>
		</package>
		<package line-rate="0.8129496402877698" branch-rate="0.0" name="include.Module.Stateful.Adaptor" complexity="0">
			<classes>
				<class branch-rate="0.0" complexity="0" filename="include/Module/Stateful/Adaptor/Adaptor.hxx" line-rate="0.7674418604651163" name="include.Module.Stateful.Adaptor.Adaptor.hxx">
					<methods>
						<method name="_ZN3spu6module7AdaptorC2ERKSt6vectorImSaImEERKS2_ISt10type_indexSaIS7_EEm" signature="" line-rate="1.0" branch-rate="1.0">
							<lines>
								<line hits="196" number="65" branch="false"/>
							</lines>
						</method>
						<method name="_ZN3spu6module7Adaptor8is_emptyEm" signature="" line-rate="1.0" branch-rate="1.0">
							<lines>
								<line hits="2008143" number="148" branch="false"/>
							</lines>
						</method>
						<method name="_ZN3spu6module7Adaptor7is_fullEm" signature="" line-rate="1.0" branch-rate="1.0">
							<lines>
								<line hits="1177948" number="154" branch="false"/>
							</lines>
						</method>
						<method name="_ZN3spu6module7Adaptor12n_fill_slotsEm" signature="" line-rate="1.0" branch-rate="1.0">
							<lines>
								<line hits="1177948" number="161" branch="false"/>
							</lines>
						</method>
						<method name="_ZN3spu6module7Adaptor12n_free_slotsEm" signature="" line-rate="1.0" branch-rate="1.0">
							<lines>
								<line hits="1177948" number="167" branch="false"/>
							</lines>
						</method>
					</methods>
					<lines>
						<line branch="false" hits="196" number="65"/>
						<line branch="false" hits="196" number="67"/>
						<line branch="false" hits="196" number="73"/>
						<line branch="false" hits="588" number="78"/>
						<line branch="false" hits="196" number="79"/>
						<line branch="false" hits="196" number="80"/>
						<line branch="false" hits="196" number="81"/>
						<line branch="false" hits="1372" number="83"/>
						<line branch="false" hits="392" number="85"/>
						<line branch="false" hits="196" number="86"/>
						<line branch="false" hits="196" number="87"/>
						<line branch="false" hits="196" number="89"/>
						<line branch="false" hits="0" number="91"/>
						<line branch="false" hits="0" number="92"/>
						<line branch="false" hits="0" number="93"/>
						<line branch="false" hits="196" number="96"/>
						<line branch="false" hits="0" number="98"/>
						<line branch="false" hits="0" number="99"/>
						<line branch="false" hits="0" number="100"/>
						<line branch="false" hits="535" number="103"/>
						<line branch="false" hits="339" number="105"/>
						<line branch="false" hits="0" number="107"/>
						<line branch="false" hits="0" number="108"/>
						<line branch="false" hits="0" number="109"/>
						<line branch="false" hits="0" number="110"/>
						<line branch="false" hits="535" number="114"/>
						<line branch="false" hits="51539" number="115"/>
						<line branch="false" hits="51200" number="117"/>
						<line branch="false" hits="51200" number="118"/>
						<line branch="false" hits="196196" number="121"/>
						<line branch="false" hits="196000" number="122"/>
						<line branch="false" hits="196196" number="123"/>
						<line branch="false" hits="196000" number="124"/>
						<line branch="false" hits="196" number="126"/>
						<line branch="false" hits="196" number="127"/>
						<line branch="false" hits="2008143" number="148"/>
						<line branch="false" hits="2008143" number="150"/>
						<line branch="false" hits="1177948" number="154"/>
						<line branch="false" hits="1177948" number="157"/>
						<line branch="false" hits="1177948" number="161"/>
						<line branch="false" hits="1177948" number="163"/>
						<line branch="false" hits="1177948" number="167"/>
						<line branch="false" hits="1177948" number="169"/>
					</lines>
				</class>
				<class branch-rate="0.0" complexity="0" filename="include/Module/Stateful/Adaptor/Adaptor_1_to_n.hpp" line-rate="1.0" name="include.Module.Stateful.Adaptor.Adaptor_1_to_n.hpp">
					<methods>
						<method name="_ZN3spu6module14Adaptor_1_to_nD0Ev" signature="" line-rate="1.0" branch-rate="1.0">
							<lines>
								<line hits="554" number="49" branch="false"/>
							</lines>
						</method>
						<method name="_ZN3spu6module14Adaptor_1_to_nD2Ev" signature="" line-rate="1.0" branch-rate="1.0">
							<lines>
								<line hits="554" number="49" branch="false"/>
							</lines>
						</method>
					</methods>
					<lines>
						<line branch="false" hits="1108" number="49"/>
					</lines>
				</class>
				<class branch-rate="0.0" complexity="0" filename="include/Module/Stateful/Adaptor/Adaptor_1_to_n.hxx" line-rate="0.8297872340425532" name="include.Module.Stateful.Adaptor.Adaptor_1_to_n.hxx">
					<methods>
						<method name="_ZN3spu6module14Adaptor_1_to_nC2ERKSt6vectorImSaImEERKS2_ISt10type_indexSaIS7_EEmb" signature="" line-rate="1.0" branch-rate="1.0">
							<lines>
								<line hits="112" number="44" branch="false"/>
							</lines>
						</method>
						<method name="_ZN3spu6module14Adaptor_1_to_n4initEv" signature="" line-rate="1.0" branch-rate="1.0">
							<lines>
								<line hits="112" number="59" branch="false"/>
							</lines>
						</method>
						<method name="_ZZN3spu6module14Adaptor_1_to_n4initEvENKUlRNS0_6ModuleERNS_7runtime4TaskEmE_clES3_S6_m" signature="" line-rate="1.0" branch-rate="1.0">
							<lines>
								<line hits="345948" number="73" branch="false"/>
							</lines>
						</method>
						<method name="_ZZN3spu6module14Adaptor_1_to_n4initEvENKUlRNS0_6ModuleERNS_7runtime4TaskEmE0_clES3_S6_m" signature="" line-rate="1.0" branch-rate="1.0">
							<lines>
								<line hits="331392" number="99" branch="false"/>
							</lines>
						</method>
					</methods>
					<lines>
						<line branch="false" hits="112" number="44"/>
						<line branch="false" hits="112" number="47"/>
						<line branch="false" hits="112" number="50"/>
						<line branch="false" hits="112" number="51"/>
						<line branch="false" hits="112" number="52"/>
						<line branch="false" hits="448" number="53"/>
						<line branch="false" hits="112" number="55"/>
						<line branch="false" hits="112" number="56"/>
						<line branch="false" hits="112" number="59"/>
						<line branch="false" hits="224" number="61"/>
						<line branch="false" hits="112" number="62"/>
						<line branch="false" hits="112" number="63"/>
						<line branch="false" hits="112" number="64"/>
						<line branch="false" hits="112" number="66"/>
						<line branch="false" hits="112" number="67"/>
						<line branch="false" hits="224" number="68"/>
						<line branch="false" hits="291" number="69"/>
						<line branch="false" hits="179" number="70"/>
						<line branch="false" hits="112" number="72"/>
						<line branch="false" hits="345948" number="73"/>
						<line branch="false" hits="345948" number="75"/>
						<line branch="false" hits="345948" number="76"/>
						<line branch="false" hits="345948" number="78"/>
						<line branch="false" hits="917905" number="80"/>
						<line branch="false" hits="572019" number="81"/>
						<line branch="false" hits="0" number="85"/>
						<line branch="false" hits="0" number="86"/>
						<line branch="false" hits="0" number="87"/>
						<line branch="false" hits="0" number="88"/>
						<line branch="false" hits="345886" number="90"/>
						<line branch="false" hits="112" number="93"/>
						<line branch="false" hits="112" number="94"/>
						<line branch="false" hits="291" number="95"/>
						<line branch="false" hits="179" number="96"/>
						<line branch="false" hits="112" number="98"/>
						<line branch="false" hits="331392" number="99"/>
						<line branch="false" hits="331392" number="101"/>
						<line branch="false" hits="331392" number="102"/>
						<line branch="false" hits="331392" number="104"/>
						<line branch="false" hits="886935" number="106"/>
						<line branch="false" hits="555701" number="107"/>
						<line branch="false" hits="0" number="111"/>
						<line branch="false" hits="0" number="112"/>
						<line branch="false" hits="0" number="113"/>
						<line branch="false" hits="0" number="114"/>
						<line branch="false" hits="331234" number="116"/>
						<line branch="false" hits="112" number="118"/>
					</lines>
				</class>
				<class branch-rate="0.0" complexity="0" filename="include/Module/Stateful/Adaptor/Adaptor_n_to_1.hpp" line-rate="1.0" name="include.Module.Stateful.Adaptor.Adaptor_n_to_1.hpp">
					<methods>
						<method name="_ZN3spu6module14Adaptor_n_to_1D2Ev" signature="" line-rate="1.0" branch-rate="1.0">
							<lines>
								<line hits="470" number="49" branch="false"/>
							</lines>
						</method>
						<method name="_ZN3spu6module14Adaptor_n_to_1D0Ev" signature="" line-rate="1.0" branch-rate="1.0">
							<lines>
								<line hits="470" number="49" branch="false"/>
							</lines>
						</method>
					</methods>
					<lines>
						<line branch="false" hits="940" number="49"/>
					</lines>
				</class>
				<class branch-rate="0.0" complexity="0" filename="include/Module/Stateful/Adaptor/Adaptor_n_to_1.hxx" line-rate="0.8297872340425532" name="include.Module.Stateful.Adaptor.Adaptor_n_to_1.hxx">
					<methods>
						<method name="_ZN3spu6module14Adaptor_n_to_1C2ERKSt6vectorImSaImEERKS2_ISt10type_indexSaIS7_EEmb" signature="" line-rate="1.0" branch-rate="1.0">
							<lines>
								<line hits="84" number="44" branch="false"/>
							</lines>
						</method>
						<method name="_ZN3spu6module14Adaptor_n_to_14initEv" signature="" line-rate="1.0" branch-rate="1.0">
							<lines>
								<line hits="84" number="59" branch="false"/>
							</lines>
						</method>
						<method name="_ZZN3spu6module14Adaptor_n_to_14initEvENKUlRNS0_6ModuleERNS_7runtime4TaskEmE_clES3_S6_m" signature="" line-rate="1.0" branch-rate="1.0">
							<lines>
								<line hits="26480" number="72" branch="false"/>
							</lines>
						</method>
						<method name="_ZZN3spu6module14Adaptor_n_to_14initEvENKUlRNS0_6ModuleERNS_7runtime4TaskEmE0_clES3_S6_m" signature="" line-rate="1.0" branch-rate="1.0">
							<lines>
								<line hits="21580" number="99" branch="false"/>
							</lines>
						</method>
					</methods>
					<lines>
						<line branch="false" hits="84" number="44"/>
						<line branch="false" hits="84" number="47"/>
						<line branch="false" hits="84" number="50"/>
						<line branch="false" hits="84" number="51"/>
						<line branch="false" hits="84" number="52"/>
						<line branch="false" hits="336" number="53"/>
						<line branch="false" hits="84" number="55"/>
						<line branch="false" hits="84" number="56"/>
						<line branch="false" hits="84" number="59"/>
						<line branch="false" hits="168" number="61"/>
						<line branch="false" hits="84" number="62"/>
						<line branch="false" hits="84" number="63"/>
						<line branch="false" hits="84" number="64"/>
						<line branch="false" hits="84" number="66"/>
						<line branch="false" hits="168" number="67"/>
						<line branch="false" hits="244" number="68"/>
						<line branch="false" hits="160" number="69"/>
						<line branch="false" hits="84" number="71"/>
						<line branch="false" hits="26480" number="72"/>
						<line branch="false" hits="26480" number="74"/>
						<line branch="false" hits="26480" number="75"/>
						<line branch="false" hits="26480" number="77"/>
						<line branch="false" hits="75423" number="79"/>
						<line branch="false" hits="49091" number="80"/>
						<line branch="false" hits="0" number="84"/>
						<line branch="false" hits="0" number="85"/>
						<line branch="false" hits="0" number="86"/>
						<line branch="false" hits="0" number="87"/>
						<line branch="false" hits="26332" number="89"/>
						<line branch="false" hits="84" number="92"/>
						<line branch="false" hits="84" number="93"/>
						<line branch="false" hits="84" number="94"/>
						<line branch="false" hits="244" number="95"/>
						<line branch="false" hits="160" number="96"/>
						<line branch="false" hits="84" number="98"/>
						<line branch="false" hits="21580" number="99"/>
						<line branch="false" hits="21580" number="101"/>
						<line branch="false" hits="21580" number="102"/>
						<line branch="false" hits="21580" number="104"/>
						<line branch="false" hits="61154" number="106"/>
						<line branch="false" hits="39620" number="107"/>
						<line branch="false" hits="0" number="111"/>
						<line branch="false" hits="0" number="112"/>
						<line branch="false" hits="0" number="113"/>
						<line branch="false" hits="0" number="114"/>
						<line branch="false" hits="21534" number="116"/>
						<line branch="false" hits="84" number="118"/>
					</lines>
				</class>
			</classes>
		</package>
		<package line-rate="0.2" branch-rate="0.0" name="include.Module.Stateful.Controller" complexity="0">
			<classes>
				<class branch-rate="0.0" complexity="0" filename="include/Module/Stateful/Controller/Controller.hpp" line-rate="1.0" name="include.Module.Stateful.Controller.Controller.hpp">
					<methods>
						<method name="_ZN3spu6module10ControllerD2Ev" signature="" line-rate="1.0" branch-rate="1.0">
							<lines>
								<line hits="47" number="51" branch="false"/>
							</lines>
						</method>
						<method name="_ZN3spu6module10ControllerD0Ev" signature="" line-rate="0.0" branch-rate="0.0">
							<lines>
								<line hits="0" number="51" branch="false"/>
							</lines>
						</method>
					</methods>
					<lines>
						<line branch="false" hits="47" number="51"/>
					</lines>
				</class>
				<class branch-rate="0.0" complexity="0" filename="include/Module/Stateful/Controller/Controller.hxx" line-rate="0.0" name="include.Module.Stateful.Controller.Controller.hxx">
					<methods>
						<method name="_ZN3spu6module10ControllerixENS0_3ctr3tskE" signature="" line-rate="0.0" branch-rate="0.0">
							<lines>
								<line hits="0" number="11" branch="false"/>
							</lines>
						</method>
						<method name="_ZN3spu6module10ControllerixENS0_3ctr3sck7controlE" signature="" line-rate="0.0" branch-rate="0.0">
							<lines>
								<line hits="0" number="17" branch="false"/>
							</lines>
						</method>
					</methods>
					<lines>
						<line branch="false" hits="0" number="11"/>
						<line branch="false" hits="0" number="13"/>
						<line branch="false" hits="0" number="17"/>
						<line branch="false" hits="0" number="19"/>
					</lines>
				</class>
			</classes>
		</package>
		<package line-rate="1.0" branch-rate="0.0" name="include.Module.Stateful.Controller.Controller_cyclic" complexity="0">
			<classes>
				<class branch-rate="0.0" complexity="0" filename="include/Module/Stateful/Controller/Controller_cyclic/Controller_cyclic.hpp" line-rate="1.0" name="include.Module.Stateful.Controller.Controller_cyclic.Controller_cyclic.hpp">
					<methods>
						<method name="_ZN3spu6module17Controller_cyclicD0Ev" signature="" line-rate="1.0" branch-rate="1.0">
							<lines>
								<line hits="5" number="24" branch="false"/>
							</lines>
						</method>
						<method name="_ZN3spu6module17Controller_cyclicD2Ev" signature="" line-rate="1.0" branch-rate="1.0">
							<lines>
								<line hits="5" number="24" branch="false"/>
							</lines>
						</method>
					</methods>
					<lines>
						<line branch="false" hits="10" number="24"/>
					</lines>
				</class>
			</classes>
		</package>
		<package line-rate="0.0" branch-rate="0.0" name="include.Module.Stateful.Controller.Controller_limit" complexity="0">
			<classes>
				<class branch-rate="0.0" complexity="0" filename="include/Module/Stateful/Controller/Controller_limit/Controller_limit.hpp" line-rate="0.0" name="include.Module.Stateful.Controller.Controller_limit.Controller_limit.hpp">
					<methods>
						<method name="_ZN3spu6module16Controller_limitD2Ev" signature="" line-rate="0.0" branch-rate="0.0">
							<lines>
								<line hits="0" number="25" branch="false"/>
							</lines>
						</method>
						<method name="_ZN3spu6module16Controller_limitD0Ev" signature="" line-rate="0.0" branch-rate="0.0">
							<lines>
								<line hits="0" number="25" branch="false"/>
							</lines>
						</method>
					</methods>
					<lines>
						<line branch="false" hits="0" number="25"/>
					</lines>
				</class>
			</classes>
		</package>
		<package line-rate="1.0" branch-rate="0.0" name="include.Module.Stateful.Controller.Controller_static" complexity="0">
			<classes>
				<class branch-rate="0.0" complexity="0" filename="include/Module/Stateful/Controller/Controller_static/Controller_static.hpp" line-rate="1.0" name="include.Module.Stateful.Controller.Controller_static.Controller_static.hpp">
					<methods>
						<method name="_ZN3spu6module17Controller_staticD0Ev" signature="" line-rate="1.0" branch-rate="1.0">
							<lines>
								<line hits="42" number="21" branch="false"/>
							</lines>
						</method>
						<method name="_ZN3spu6module17Controller_staticD2Ev" signature="" line-rate="1.0" branch-rate="1.0">
							<lines>
								<line hits="42" number="21" branch="false"/>
							</lines>
						</method>
					</methods>
					<lines>
						<line branch="false" hits="84" number="21"/>
					</lines>
				</class>
			</classes>
		</package>
		<package line-rate="0.0" branch-rate="0.0" name="include.Module.Stateful.Delayer" complexity="0">
			<classes>
				<class branch-rate="0.0" complexity="0" filename="include/Module/Stateful/Delayer/Delayer.hpp" line-rate="0.0" name="include.Module.Stateful.Delayer.Delayer.hpp">
					<methods>
						<method name="_ZN3spu6module7DelayerItED0Ev" signature="" line-rate="0.0" branch-rate="0.0">
							<lines>
								<line hits="0" number="54" branch="false"/>
							</lines>
						</method>
						<method name="_ZN3spu6module7DelayerIsED0Ev" signature="" line-rate="0.0" branch-rate="0.0">
							<lines>
								<line hits="0" number="54" branch="false"/>
							</lines>
						</method>
						<method name="_ZN3spu6module7DelayerIdED2Ev" signature="" line-rate="0.0" branch-rate="0.0">
							<lines>
								<line hits="0" number="54" branch="false"/>
							</lines>
						</method>
						<method name="_ZN3spu6module7DelayerIlED2Ev" signature="" line-rate="0.0" branch-rate="0.0">
							<lines>
								<line hits="0" number="54" branch="false"/>
							</lines>
						</method>
						<method name="_ZN3spu6module7DelayerIiED2Ev" signature="" line-rate="0.0" branch-rate="0.0">
							<lines>
								<line hits="0" number="54" branch="false"/>
							</lines>
						</method>
						<method name="_ZN3spu6module7DelayerIaED2Ev" signature="" line-rate="0.0" branch-rate="0.0">
							<lines>
								<line hits="0" number="54" branch="false"/>
							</lines>
						</method>
						<method name="_ZN3spu6module7DelayerImED2Ev" signature="" line-rate="0.0" branch-rate="0.0">
							<lines>
								<line hits="0" number="54" branch="false"/>
							</lines>
						</method>
						<method name="_ZN3spu6module7DelayerIiED0Ev" signature="" line-rate="0.0" branch-rate="0.0">
							<lines>
								<line hits="0" number="54" branch="false"/>
							</lines>
						</method>
						<method name="_ZN3spu6module7DelayerIfED2Ev" signature="" line-rate="0.0" branch-rate="0.0">
							<lines>
								<line hits="0" number="54" branch="false"/>
							</lines>
						</method>
						<method name="_ZN3spu6module7DelayerIjED2Ev" signature="" line-rate="0.0" branch-rate="0.0">
							<lines>
								<line hits="0" number="54" branch="false"/>
							</lines>
						</method>
						<method name="_ZN3spu6module7DelayerIjED0Ev" signature="" line-rate="0.0" branch-rate="0.0">
							<lines>
								<line hits="0" number="54" branch="false"/>
							</lines>
						</method>
						<method name="_ZN3spu6module7DelayerIfED0Ev" signature="" line-rate="0.0" branch-rate="0.0">
							<lines>
								<line hits="0" number="54" branch="false"/>
							</lines>
						</method>
						<method name="_ZN3spu6module7DelayerItED2Ev" signature="" line-rate="0.0" branch-rate="0.0">
							<lines>
								<line hits="0" number="54" branch="false"/>
							</lines>
						</method>
						<method name="_ZN3spu6module7DelayerIlED0Ev" signature="" line-rate="0.0" branch-rate="0.0">
							<lines>
								<line hits="0" number="54" branch="false"/>
							</lines>
						</method>
						<method name="_ZN3spu6module7DelayerIhED0Ev" signature="" line-rate="0.0" branch-rate="0.0">
							<lines>
								<line hits="0" number="54" branch="false"/>
							</lines>
						</method>
						<method name="_ZN3spu6module7DelayerIdED0Ev" signature="" line-rate="0.0" branch-rate="0.0">
							<lines>
								<line hits="0" number="54" branch="false"/>
							</lines>
						</method>
						<method name="_ZN3spu6module7DelayerIhED2Ev" signature="" line-rate="0.0" branch-rate="0.0">
							<lines>
								<line hits="0" number="54" branch="false"/>
							</lines>
						</method>
						<method name="_ZN3spu6module7DelayerIsED2Ev" signature="" line-rate="0.0" branch-rate="0.0">
							<lines>
								<line hits="0" number="54" branch="false"/>
							</lines>
						</method>
						<method name="_ZN3spu6module7DelayerIaED0Ev" signature="" line-rate="0.0" branch-rate="0.0">
							<lines>
								<line hits="0" number="54" branch="false"/>
							</lines>
						</method>
						<method name="_ZN3spu6module7DelayerImED0Ev" signature="" line-rate="0.0" branch-rate="0.0">
							<lines>
								<line hits="0" number="54" branch="false"/>
							</lines>
						</method>
					</methods>
					<lines>
						<line branch="false" hits="0" number="54"/>
					</lines>
				</class>
				<class branch-rate="0.0" complexity="0" filename="include/Module/Stateful/Delayer/Delayer.hxx" line-rate="0.0" name="include.Module.Stateful.Delayer.Delayer.hxx">
					<methods>
						<method name="_ZN3spu6module7DelayerIsEixENS0_3dly3tskE" signature="" line-rate="0.0" branch-rate="0.0">
							<lines>
								<line hits="0" number="10" branch="false"/>
							</lines>
						</method>
						<method name="_ZN3spu6module7DelayerIjEixENS0_3dly3tskE" signature="" line-rate="0.0" branch-rate="0.0">
							<lines>
								<line hits="0" number="10" branch="false"/>
							</lines>
						</method>
						<method name="_ZN3spu6module7DelayerIfEixENS0_3dly3tskE" signature="" line-rate="0.0" branch-rate="0.0">
							<lines>
								<line hits="0" number="10" branch="false"/>
							</lines>
						</method>
						<method name="_ZN3spu6module7DelayerIlEixENS0_3dly3tskE" signature="" line-rate="0.0" branch-rate="0.0">
							<lines>
								<line hits="0" number="10" branch="false"/>
							</lines>
						</method>
						<method name="_ZN3spu6module7DelayerIhEixENS0_3dly3tskE" signature="" line-rate="0.0" branch-rate="0.0">
							<lines>
								<line hits="0" number="10" branch="false"/>
							</lines>
						</method>
						<method name="_ZN3spu6module7DelayerIaEixENS0_3dly3tskE" signature="" line-rate="0.0" branch-rate="0.0">
							<lines>
								<line hits="0" number="10" branch="false"/>
							</lines>
						</method>
						<method name="_ZN3spu6module7DelayerImEixENS0_3dly3tskE" signature="" line-rate="0.0" branch-rate="0.0">
							<lines>
								<line hits="0" number="10" branch="false"/>
							</lines>
						</method>
						<method name="_ZN3spu6module7DelayerIiEixENS0_3dly3tskE" signature="" line-rate="0.0" branch-rate="0.0">
							<lines>
								<line hits="0" number="10" branch="false"/>
							</lines>
						</method>
						<method name="_ZN3spu6module7DelayerIdEixENS0_3dly3tskE" signature="" line-rate="0.0" branch-rate="0.0">
							<lines>
								<line hits="0" number="10" branch="false"/>
							</lines>
						</method>
						<method name="_ZN3spu6module7DelayerItEixENS0_3dly3tskE" signature="" line-rate="0.0" branch-rate="0.0">
							<lines>
								<line hits="0" number="10" branch="false"/>
							</lines>
						</method>
						<method name="_ZN3spu6module7DelayerImEixENS0_3dly3sck8memorizeE" signature="" line-rate="0.0" branch-rate="0.0">
							<lines>
								<line hits="0" number="17" branch="false"/>
							</lines>
						</method>
						<method name="_ZN3spu6module7DelayerIdEixENS0_3dly3sck8memorizeE" signature="" line-rate="0.0" branch-rate="0.0">
							<lines>
								<line hits="0" number="17" branch="false"/>
							</lines>
						</method>
						<method name="_ZN3spu6module7DelayerIaEixENS0_3dly3sck8memorizeE" signature="" line-rate="0.0" branch-rate="0.0">
							<lines>
								<line hits="0" number="17" branch="false"/>
							</lines>
						</method>
						<method name="_ZN3spu6module7DelayerIjEixENS0_3dly3sck8memorizeE" signature="" line-rate="0.0" branch-rate="0.0">
							<lines>
								<line hits="0" number="17" branch="false"/>
							</lines>
						</method>
						<method name="_ZN3spu6module7DelayerItEixENS0_3dly3sck8memorizeE" signature="" line-rate="0.0" branch-rate="0.0">
							<lines>
								<line hits="0" number="17" branch="false"/>
							</lines>
						</method>
						<method name="_ZN3spu6module7DelayerIlEixENS0_3dly3sck8memorizeE" signature="" line-rate="0.0" branch-rate="0.0">
							<lines>
								<line hits="0" number="17" branch="false"/>
							</lines>
						</method>
						<method name="_ZN3spu6module7DelayerIhEixENS0_3dly3sck8memorizeE" signature="" line-rate="0.0" branch-rate="0.0">
							<lines>
								<line hits="0" number="17" branch="false"/>
							</lines>
						</method>
						<method name="_ZN3spu6module7DelayerIsEixENS0_3dly3sck8memorizeE" signature="" line-rate="0.0" branch-rate="0.0">
							<lines>
								<line hits="0" number="17" branch="false"/>
							</lines>
						</method>
						<method name="_ZN3spu6module7DelayerIfEixENS0_3dly3sck8memorizeE" signature="" line-rate="0.0" branch-rate="0.0">
							<lines>
								<line hits="0" number="17" branch="false"/>
							</lines>
						</method>
						<method name="_ZN3spu6module7DelayerIiEixENS0_3dly3sck8memorizeE" signature="" line-rate="0.0" branch-rate="0.0">
							<lines>
								<line hits="0" number="17" branch="false"/>
							</lines>
						</method>
						<method name="_ZN3spu6module7DelayerImEixENS0_3dly3sck7produceE" signature="" line-rate="0.0" branch-rate="0.0">
							<lines>
								<line hits="0" number="24" branch="false"/>
							</lines>
						</method>
						<method name="_ZN3spu6module7DelayerIjEixENS0_3dly3sck7produceE" signature="" line-rate="0.0" branch-rate="0.0">
							<lines>
								<line hits="0" number="24" branch="false"/>
							</lines>
						</method>
						<method name="_ZN3spu6module7DelayerIaEixENS0_3dly3sck7produceE" signature="" line-rate="0.0" branch-rate="0.0">
							<lines>
								<line hits="0" number="24" branch="false"/>
							</lines>
						</method>
						<method name="_ZN3spu6module7DelayerItEixENS0_3dly3sck7produceE" signature="" line-rate="0.0" branch-rate="0.0">
							<lines>
								<line hits="0" number="24" branch="false"/>
							</lines>
						</method>
						<method name="_ZN3spu6module7DelayerIhEixENS0_3dly3sck7produceE" signature="" line-rate="0.0" branch-rate="0.0">
							<lines>
								<line hits="0" number="24" branch="false"/>
							</lines>
						</method>
						<method name="_ZN3spu6module7DelayerIlEixENS0_3dly3sck7produceE" signature="" line-rate="0.0" branch-rate="0.0">
							<lines>
								<line hits="0" number="24" branch="false"/>
							</lines>
						</method>
						<method name="_ZN3spu6module7DelayerIsEixENS0_3dly3sck7produceE" signature="" line-rate="0.0" branch-rate="0.0">
							<lines>
								<line hits="0" number="24" branch="false"/>
							</lines>
						</method>
						<method name="_ZN3spu6module7DelayerIdEixENS0_3dly3sck7produceE" signature="" line-rate="0.0" branch-rate="0.0">
							<lines>
								<line hits="0" number="24" branch="false"/>
							</lines>
						</method>
						<method name="_ZN3spu6module7DelayerIiEixENS0_3dly3sck7produceE" signature="" line-rate="0.0" branch-rate="0.0">
							<lines>
								<line hits="0" number="24" branch="false"/>
							</lines>
						</method>
						<method name="_ZN3spu6module7DelayerIfEixENS0_3dly3sck7produceE" signature="" line-rate="0.0" branch-rate="0.0">
							<lines>
								<line hits="0" number="24" branch="false"/>
							</lines>
						</method>
						<method name="_ZN3spu6module7DelayerImEixERKNSt7__cxx1112basic_stringIcSt11char_traitsIcESaIcEEE" signature="" line-rate="0.0" branch-rate="0.0">
							<lines>
								<line hits="0" number="31" branch="false"/>
							</lines>
						</method>
						<method name="_ZN3spu6module7DelayerIhEixERKNSt7__cxx1112basic_stringIcSt11char_traitsIcESaIcEEE" signature="" line-rate="0.0" branch-rate="0.0">
							<lines>
								<line hits="0" number="31" branch="false"/>
							</lines>
						</method>
						<method name="_ZN3spu6module7DelayerItEixERKNSt7__cxx1112basic_stringIcSt11char_traitsIcESaIcEEE" signature="" line-rate="0.0" branch-rate="0.0">
							<lines>
								<line hits="0" number="31" branch="false"/>
							</lines>
						</method>
						<method name="_ZN3spu6module7DelayerIaEixERKNSt7__cxx1112basic_stringIcSt11char_traitsIcESaIcEEE" signature="" line-rate="0.0" branch-rate="0.0">
							<lines>
								<line hits="0" number="31" branch="false"/>
							</lines>
						</method>
						<method name="_ZN3spu6module7DelayerIdEixERKNSt7__cxx1112basic_stringIcSt11char_traitsIcESaIcEEE" signature="" line-rate="0.0" branch-rate="0.0">
							<lines>
								<line hits="0" number="31" branch="false"/>
							</lines>
						</method>
						<method name="_ZN3spu6module7DelayerIfEixERKNSt7__cxx1112basic_stringIcSt11char_traitsIcESaIcEEE" signature="" line-rate="0.0" branch-rate="0.0">
							<lines>
								<line hits="0" number="31" branch="false"/>
							</lines>
						</method>
						<method name="_ZN3spu6module7DelayerIlEixERKNSt7__cxx1112basic_stringIcSt11char_traitsIcESaIcEEE" signature="" line-rate="0.0" branch-rate="0.0">
							<lines>
								<line hits="0" number="31" branch="false"/>
							</lines>
						</method>
						<method name="_ZN3spu6module7DelayerIsEixERKNSt7__cxx1112basic_stringIcSt11char_traitsIcESaIcEEE" signature="" line-rate="0.0" branch-rate="0.0">
							<lines>
								<line hits="0" number="31" branch="false"/>
							</lines>
						</method>
						<method name="_ZN3spu6module7DelayerIjEixERKNSt7__cxx1112basic_stringIcSt11char_traitsIcESaIcEEE" signature="" line-rate="0.0" branch-rate="0.0">
							<lines>
								<line hits="0" number="31" branch="false"/>
							</lines>
						</method>
						<method name="_ZN3spu6module7DelayerIiEixERKNSt7__cxx1112basic_stringIcSt11char_traitsIcESaIcEEE" signature="" line-rate="0.0" branch-rate="0.0">
							<lines>
								<line hits="0" number="31" branch="false"/>
							</lines>
						</method>
					</methods>
					<lines>
						<line branch="false" hits="0" number="10"/>
						<line branch="false" hits="0" number="12"/>
						<line branch="false" hits="0" number="17"/>
						<line branch="false" hits="0" number="19"/>
						<line branch="false" hits="0" number="24"/>
						<line branch="false" hits="0" number="26"/>
						<line branch="false" hits="0" number="31"/>
						<line branch="false" hits="0" number="33"/>
					</lines>
				</class>
			</classes>
		</package>
		<package line-rate="0.14285714285714285" branch-rate="0.0" name="include.Module.Stateful.Finalizer" complexity="0">
			<classes>
				<class branch-rate="0.0" complexity="0" filename="include/Module/Stateful/Finalizer/Finalizer.hpp" line-rate="1.0" name="include.Module.Stateful.Finalizer.Finalizer.hpp">
					<methods>
						<method name="_ZN3spu6module9FinalizerItED0Ev" signature="" line-rate="0.0" branch-rate="0.0">
							<lines>
								<line hits="0" number="53" branch="false"/>
							</lines>
						</method>
						<method name="_ZN3spu6module9FinalizerIhED0Ev" signature="" line-rate="1.0" branch-rate="1.0">
							<lines>
								<line hits="71" number="53" branch="false"/>
							</lines>
						</method>
						<method name="_ZN3spu6module9FinalizerIiED2Ev" signature="" line-rate="0.0" branch-rate="0.0">
							<lines>
								<line hits="0" number="53" branch="false"/>
							</lines>
						</method>
						<method name="_ZN3spu6module9FinalizerIiED0Ev" signature="" line-rate="0.0" branch-rate="0.0">
							<lines>
								<line hits="0" number="53" branch="false"/>
							</lines>
						</method>
						<method name="_ZN3spu6module9FinalizerIhED2Ev" signature="" line-rate="1.0" branch-rate="1.0">
							<lines>
								<line hits="71" number="53" branch="false"/>
							</lines>
						</method>
						<method name="_ZN3spu6module9FinalizerIsED0Ev" signature="" line-rate="0.0" branch-rate="0.0">
							<lines>
								<line hits="0" number="53" branch="false"/>
							</lines>
						</method>
						<method name="_ZN3spu6module9FinalizerIdED2Ev" signature="" line-rate="0.0" branch-rate="0.0">
							<lines>
								<line hits="0" number="53" branch="false"/>
							</lines>
						</method>
						<method name="_ZN3spu6module9FinalizerIaED2Ev" signature="" line-rate="0.0" branch-rate="0.0">
							<lines>
								<line hits="0" number="53" branch="false"/>
							</lines>
						</method>
						<method name="_ZN3spu6module9FinalizerIlED2Ev" signature="" line-rate="0.0" branch-rate="0.0">
							<lines>
								<line hits="0" number="53" branch="false"/>
							</lines>
						</method>
						<method name="_ZN3spu6module9FinalizerImED2Ev" signature="" line-rate="0.0" branch-rate="0.0">
							<lines>
								<line hits="0" number="53" branch="false"/>
							</lines>
						</method>
						<method name="_ZN3spu6module9FinalizerIjED2Ev" signature="" line-rate="0.0" branch-rate="0.0">
							<lines>
								<line hits="0" number="53" branch="false"/>
							</lines>
						</method>
						<method name="_ZN3spu6module9FinalizerIdED0Ev" signature="" line-rate="0.0" branch-rate="0.0">
							<lines>
								<line hits="0" number="53" branch="false"/>
							</lines>
						</method>
						<method name="_ZN3spu6module9FinalizerItED2Ev" signature="" line-rate="0.0" branch-rate="0.0">
							<lines>
								<line hits="0" number="53" branch="false"/>
							</lines>
						</method>
						<method name="_ZN3spu6module9FinalizerIjED0Ev" signature="" line-rate="0.0" branch-rate="0.0">
							<lines>
								<line hits="0" number="53" branch="false"/>
							</lines>
						</method>
						<method name="_ZN3spu6module9FinalizerImED0Ev" signature="" line-rate="0.0" branch-rate="0.0">
							<lines>
								<line hits="0" number="53" branch="false"/>
							</lines>
						</method>
						<method name="_ZN3spu6module9FinalizerIfED0Ev" signature="" line-rate="0.0" branch-rate="0.0">
							<lines>
								<line hits="0" number="53" branch="false"/>
							</lines>
						</method>
						<method name="_ZN3spu6module9FinalizerIsED2Ev" signature="" line-rate="0.0" branch-rate="0.0">
							<lines>
								<line hits="0" number="53" branch="false"/>
							</lines>
						</method>
						<method name="_ZN3spu6module9FinalizerIlED0Ev" signature="" line-rate="0.0" branch-rate="0.0">
							<lines>
								<line hits="0" number="53" branch="false"/>
							</lines>
						</method>
						<method name="_ZN3spu6module9FinalizerIaED0Ev" signature="" line-rate="0.0" branch-rate="0.0">
							<lines>
								<line hits="0" number="53" branch="false"/>
							</lines>
						</method>
						<method name="_ZN3spu6module9FinalizerIfED2Ev" signature="" line-rate="0.0" branch-rate="0.0">
							<lines>
								<line hits="0" number="53" branch="false"/>
							</lines>
						</method>
					</methods>
					<lines>
						<line branch="false" hits="142" number="53"/>
					</lines>
				</class>
				<class branch-rate="0.0" complexity="0" filename="include/Module/Stateful/Finalizer/Finalizer.hxx" line-rate="0.0" name="include.Module.Stateful.Finalizer.Finalizer.hxx">
					<methods>
						<method name="_ZN3spu6module9FinalizerIaEixENS0_3fin3tskE" signature="" line-rate="0.0" branch-rate="0.0">
							<lines>
								<line hits="0" number="10" branch="false"/>
							</lines>
						</method>
						<method name="_ZN3spu6module9FinalizerIlEixENS0_3fin3tskE" signature="" line-rate="0.0" branch-rate="0.0">
							<lines>
								<line hits="0" number="10" branch="false"/>
							</lines>
						</method>
						<method name="_ZN3spu6module9FinalizerIiEixENS0_3fin3tskE" signature="" line-rate="0.0" branch-rate="0.0">
							<lines>
								<line hits="0" number="10" branch="false"/>
							</lines>
						</method>
						<method name="_ZN3spu6module9FinalizerIdEixENS0_3fin3tskE" signature="" line-rate="0.0" branch-rate="0.0">
							<lines>
								<line hits="0" number="10" branch="false"/>
							</lines>
						</method>
						<method name="_ZN3spu6module9FinalizerIjEixENS0_3fin3tskE" signature="" line-rate="0.0" branch-rate="0.0">
							<lines>
								<line hits="0" number="10" branch="false"/>
							</lines>
						</method>
						<method name="_ZN3spu6module9FinalizerIfEixENS0_3fin3tskE" signature="" line-rate="0.0" branch-rate="0.0">
							<lines>
								<line hits="0" number="10" branch="false"/>
							</lines>
						</method>
						<method name="_ZN3spu6module9FinalizerIsEixENS0_3fin3tskE" signature="" line-rate="0.0" branch-rate="0.0">
							<lines>
								<line hits="0" number="10" branch="false"/>
							</lines>
						</method>
						<method name="_ZN3spu6module9FinalizerImEixENS0_3fin3tskE" signature="" line-rate="0.0" branch-rate="0.0">
							<lines>
								<line hits="0" number="10" branch="false"/>
							</lines>
						</method>
						<method name="_ZN3spu6module9FinalizerIhEixENS0_3fin3tskE" signature="" line-rate="0.0" branch-rate="0.0">
							<lines>
								<line hits="0" number="10" branch="false"/>
							</lines>
						</method>
						<method name="_ZN3spu6module9FinalizerItEixENS0_3fin3tskE" signature="" line-rate="0.0" branch-rate="0.0">
							<lines>
								<line hits="0" number="10" branch="false"/>
							</lines>
						</method>
						<method name="_ZN3spu6module9FinalizerIsEixENS0_3fin3sck8finalizeE" signature="" line-rate="0.0" branch-rate="0.0">
							<lines>
								<line hits="0" number="17" branch="false"/>
							</lines>
						</method>
						<method name="_ZN3spu6module9FinalizerIiEixENS0_3fin3sck8finalizeE" signature="" line-rate="0.0" branch-rate="0.0">
							<lines>
								<line hits="0" number="17" branch="false"/>
							</lines>
						</method>
						<method name="_ZN3spu6module9FinalizerItEixENS0_3fin3sck8finalizeE" signature="" line-rate="0.0" branch-rate="0.0">
							<lines>
								<line hits="0" number="17" branch="false"/>
							</lines>
						</method>
						<method name="_ZN3spu6module9FinalizerIlEixENS0_3fin3sck8finalizeE" signature="" line-rate="0.0" branch-rate="0.0">
							<lines>
								<line hits="0" number="17" branch="false"/>
							</lines>
						</method>
						<method name="_ZN3spu6module9FinalizerIjEixENS0_3fin3sck8finalizeE" signature="" line-rate="0.0" branch-rate="0.0">
							<lines>
								<line hits="0" number="17" branch="false"/>
							</lines>
						</method>
						<method name="_ZN3spu6module9FinalizerIdEixENS0_3fin3sck8finalizeE" signature="" line-rate="0.0" branch-rate="0.0">
							<lines>
								<line hits="0" number="17" branch="false"/>
							</lines>
						</method>
						<method name="_ZN3spu6module9FinalizerImEixENS0_3fin3sck8finalizeE" signature="" line-rate="0.0" branch-rate="0.0">
							<lines>
								<line hits="0" number="17" branch="false"/>
							</lines>
						</method>
						<method name="_ZN3spu6module9FinalizerIfEixENS0_3fin3sck8finalizeE" signature="" line-rate="0.0" branch-rate="0.0">
							<lines>
								<line hits="0" number="17" branch="false"/>
							</lines>
						</method>
						<method name="_ZN3spu6module9FinalizerIaEixENS0_3fin3sck8finalizeE" signature="" line-rate="0.0" branch-rate="0.0">
							<lines>
								<line hits="0" number="17" branch="false"/>
							</lines>
						</method>
						<method name="_ZN3spu6module9FinalizerIhEixENS0_3fin3sck8finalizeE" signature="" line-rate="0.0" branch-rate="0.0">
							<lines>
								<line hits="0" number="17" branch="false"/>
							</lines>
						</method>
						<method name="_ZN3spu6module9FinalizerIsEixERKNSt7__cxx1112basic_stringIcSt11char_traitsIcESaIcEEE" signature="" line-rate="0.0" branch-rate="0.0">
							<lines>
								<line hits="0" number="24" branch="false"/>
							</lines>
						</method>
						<method name="_ZN3spu6module9FinalizerIhEixERKNSt7__cxx1112basic_stringIcSt11char_traitsIcESaIcEEE" signature="" line-rate="0.0" branch-rate="0.0">
							<lines>
								<line hits="0" number="24" branch="false"/>
							</lines>
						</method>
						<method name="_ZN3spu6module9FinalizerIaEixERKNSt7__cxx1112basic_stringIcSt11char_traitsIcESaIcEEE" signature="" line-rate="0.0" branch-rate="0.0">
							<lines>
								<line hits="0" number="24" branch="false"/>
							</lines>
						</method>
						<method name="_ZN3spu6module9FinalizerIlEixERKNSt7__cxx1112basic_stringIcSt11char_traitsIcESaIcEEE" signature="" line-rate="0.0" branch-rate="0.0">
							<lines>
								<line hits="0" number="24" branch="false"/>
							</lines>
						</method>
						<method name="_ZN3spu6module9FinalizerIiEixERKNSt7__cxx1112basic_stringIcSt11char_traitsIcESaIcEEE" signature="" line-rate="0.0" branch-rate="0.0">
							<lines>
								<line hits="0" number="24" branch="false"/>
							</lines>
						</method>
						<method name="_ZN3spu6module9FinalizerIfEixERKNSt7__cxx1112basic_stringIcSt11char_traitsIcESaIcEEE" signature="" line-rate="0.0" branch-rate="0.0">
							<lines>
								<line hits="0" number="24" branch="false"/>
							</lines>
						</method>
						<method name="_ZN3spu6module9FinalizerIdEixERKNSt7__cxx1112basic_stringIcSt11char_traitsIcESaIcEEE" signature="" line-rate="0.0" branch-rate="0.0">
							<lines>
								<line hits="0" number="24" branch="false"/>
							</lines>
						</method>
						<method name="_ZN3spu6module9FinalizerIjEixERKNSt7__cxx1112basic_stringIcSt11char_traitsIcESaIcEEE" signature="" line-rate="0.0" branch-rate="0.0">
							<lines>
								<line hits="0" number="24" branch="false"/>
							</lines>
						</method>
						<method name="_ZN3spu6module9FinalizerImEixERKNSt7__cxx1112basic_stringIcSt11char_traitsIcESaIcEEE" signature="" line-rate="0.0" branch-rate="0.0">
							<lines>
								<line hits="0" number="24" branch="false"/>
							</lines>
						</method>
						<method name="_ZN3spu6module9FinalizerItEixERKNSt7__cxx1112basic_stringIcSt11char_traitsIcESaIcEEE" signature="" line-rate="0.0" branch-rate="0.0">
							<lines>
								<line hits="0" number="24" branch="false"/>
							</lines>
						</method>
					</methods>
					<lines>
						<line branch="false" hits="0" number="10"/>
						<line branch="false" hits="0" number="12"/>
						<line branch="false" hits="0" number="17"/>
						<line branch="false" hits="0" number="19"/>
						<line branch="false" hits="0" number="24"/>
						<line branch="false" hits="0" number="26"/>
					</lines>
				</class>
			</classes>
		</package>
		<package line-rate="0.1111111111111111" branch-rate="0.0" name="include.Module.Stateful.Incrementer" complexity="0">
			<classes>
				<class branch-rate="0.0" complexity="0" filename="include/Module/Stateful/Incrementer/Incrementer.hpp" line-rate="1.0" name="include.Module.Stateful.Incrementer.Incrementer.hpp">
					<methods>
						<method name="_ZN3spu6module11IncrementerIiED0Ev" signature="" line-rate="0.0" branch-rate="0.0">
							<lines>
								<line hits="0" number="57" branch="false"/>
							</lines>
						</method>
						<method name="_ZN3spu6module11IncrementerIiED2Ev" signature="" line-rate="0.0" branch-rate="0.0">
							<lines>
								<line hits="0" number="57" branch="false"/>
							</lines>
						</method>
						<method name="_ZN3spu6module11IncrementerIdED0Ev" signature="" line-rate="0.0" branch-rate="0.0">
							<lines>
								<line hits="0" number="57" branch="false"/>
							</lines>
						</method>
						<method name="_ZN3spu6module11IncrementerIaED0Ev" signature="" line-rate="0.0" branch-rate="0.0">
							<lines>
								<line hits="0" number="57" branch="false"/>
							</lines>
						</method>
						<method name="_ZN3spu6module11IncrementerIsED0Ev" signature="" line-rate="0.0" branch-rate="0.0">
							<lines>
								<line hits="0" number="57" branch="false"/>
							</lines>
						</method>
						<method name="_ZN3spu6module11IncrementerItED2Ev" signature="" line-rate="0.0" branch-rate="0.0">
							<lines>
								<line hits="0" number="57" branch="false"/>
							</lines>
						</method>
						<method name="_ZN3spu6module11IncrementerItED0Ev" signature="" line-rate="0.0" branch-rate="0.0">
							<lines>
								<line hits="0" number="57" branch="false"/>
							</lines>
						</method>
						<method name="_ZN3spu6module11IncrementerImED2Ev" signature="" line-rate="0.0" branch-rate="0.0">
							<lines>
								<line hits="0" number="57" branch="false"/>
							</lines>
						</method>
						<method name="_ZN3spu6module11IncrementerIsED2Ev" signature="" line-rate="0.0" branch-rate="0.0">
							<lines>
								<line hits="0" number="57" branch="false"/>
							</lines>
						</method>
						<method name="_ZN3spu6module11IncrementerIaED2Ev" signature="" line-rate="0.0" branch-rate="0.0">
							<lines>
								<line hits="0" number="57" branch="false"/>
							</lines>
						</method>
						<method name="_ZN3spu6module11IncrementerIfED0Ev" signature="" line-rate="0.0" branch-rate="0.0">
							<lines>
								<line hits="0" number="57" branch="false"/>
							</lines>
						</method>
						<method name="_ZN3spu6module11IncrementerIjED0Ev" signature="" line-rate="0.0" branch-rate="0.0">
							<lines>
								<line hits="0" number="57" branch="false"/>
							</lines>
						</method>
						<method name="_ZN3spu6module11IncrementerIfED2Ev" signature="" line-rate="0.0" branch-rate="0.0">
							<lines>
								<line hits="0" number="57" branch="false"/>
							</lines>
						</method>
						<method name="_ZN3spu6module11IncrementerIjED2Ev" signature="" line-rate="0.0" branch-rate="0.0">
							<lines>
								<line hits="0" number="57" branch="false"/>
							</lines>
						</method>
						<method name="_ZN3spu6module11IncrementerIlED2Ev" signature="" line-rate="0.0" branch-rate="0.0">
							<lines>
								<line hits="0" number="57" branch="false"/>
							</lines>
						</method>
						<method name="_ZN3spu6module11IncrementerIdED2Ev" signature="" line-rate="0.0" branch-rate="0.0">
							<lines>
								<line hits="0" number="57" branch="false"/>
							</lines>
						</method>
						<method name="_ZN3spu6module11IncrementerIlED0Ev" signature="" line-rate="0.0" branch-rate="0.0">
							<lines>
								<line hits="0" number="57" branch="false"/>
							</lines>
						</method>
						<method name="_ZN3spu6module11IncrementerImED0Ev" signature="" line-rate="0.0" branch-rate="0.0">
							<lines>
								<line hits="0" number="57" branch="false"/>
							</lines>
						</method>
						<method name="_ZN3spu6module11IncrementerIhED2Ev" signature="" line-rate="1.0" branch-rate="1.0">
							<lines>
								<line hits="2868" number="57" branch="false"/>
							</lines>
						</method>
						<method name="_ZN3spu6module11IncrementerIhED0Ev" signature="" line-rate="1.0" branch-rate="1.0">
							<lines>
								<line hits="2868" number="57" branch="false"/>
							</lines>
						</method>
					</methods>
					<lines>
						<line branch="false" hits="5736" number="57"/>
					</lines>
				</class>
				<class branch-rate="0.0" complexity="0" filename="include/Module/Stateful/Incrementer/Incrementer.hxx" line-rate="0.0" name="include.Module.Stateful.Incrementer.Incrementer.hxx">
					<methods>
						<method name="_ZN3spu6module11IncrementerIfEixENS0_3inc3tskE" signature="" line-rate="0.0" branch-rate="0.0">
							<lines>
								<line hits="0" number="10" branch="false"/>
							</lines>
						</method>
						<method name="_ZN3spu6module11IncrementerIiEixENS0_3inc3tskE" signature="" line-rate="0.0" branch-rate="0.0">
							<lines>
								<line hits="0" number="10" branch="false"/>
							</lines>
						</method>
						<method name="_ZN3spu6module11IncrementerIaEixENS0_3inc3tskE" signature="" line-rate="0.0" branch-rate="0.0">
							<lines>
								<line hits="0" number="10" branch="false"/>
							</lines>
						</method>
						<method name="_ZN3spu6module11IncrementerIlEixENS0_3inc3tskE" signature="" line-rate="0.0" branch-rate="0.0">
							<lines>
								<line hits="0" number="10" branch="false"/>
							</lines>
						</method>
						<method name="_ZN3spu6module11IncrementerIdEixENS0_3inc3tskE" signature="" line-rate="0.0" branch-rate="0.0">
							<lines>
								<line hits="0" number="10" branch="false"/>
							</lines>
						</method>
						<method name="_ZN3spu6module11IncrementerIjEixENS0_3inc3tskE" signature="" line-rate="0.0" branch-rate="0.0">
							<lines>
								<line hits="0" number="10" branch="false"/>
							</lines>
						</method>
						<method name="_ZN3spu6module11IncrementerItEixENS0_3inc3tskE" signature="" line-rate="0.0" branch-rate="0.0">
							<lines>
								<line hits="0" number="10" branch="false"/>
							</lines>
						</method>
						<method name="_ZN3spu6module11IncrementerIsEixENS0_3inc3tskE" signature="" line-rate="0.0" branch-rate="0.0">
							<lines>
								<line hits="0" number="10" branch="false"/>
							</lines>
						</method>
						<method name="_ZN3spu6module11IncrementerImEixENS0_3inc3tskE" signature="" line-rate="0.0" branch-rate="0.0">
							<lines>
								<line hits="0" number="10" branch="false"/>
							</lines>
						</method>
						<method name="_ZN3spu6module11IncrementerIhEixENS0_3inc3tskE" signature="" line-rate="0.0" branch-rate="0.0">
							<lines>
								<line hits="0" number="10" branch="false"/>
							</lines>
						</method>
						<method name="_ZN3spu6module11IncrementerIaEixENS0_3inc3sck9incrementE" signature="" line-rate="0.0" branch-rate="0.0">
							<lines>
								<line hits="0" number="17" branch="false"/>
							</lines>
						</method>
						<method name="_ZN3spu6module11IncrementerIdEixENS0_3inc3sck9incrementE" signature="" line-rate="0.0" branch-rate="0.0">
							<lines>
								<line hits="0" number="17" branch="false"/>
							</lines>
						</method>
						<method name="_ZN3spu6module11IncrementerIfEixENS0_3inc3sck9incrementE" signature="" line-rate="0.0" branch-rate="0.0">
							<lines>
								<line hits="0" number="17" branch="false"/>
							</lines>
						</method>
						<method name="_ZN3spu6module11IncrementerItEixENS0_3inc3sck9incrementE" signature="" line-rate="0.0" branch-rate="0.0">
							<lines>
								<line hits="0" number="17" branch="false"/>
							</lines>
						</method>
						<method name="_ZN3spu6module11IncrementerIiEixENS0_3inc3sck9incrementE" signature="" line-rate="0.0" branch-rate="0.0">
							<lines>
								<line hits="0" number="17" branch="false"/>
							</lines>
						</method>
						<method name="_ZN3spu6module11IncrementerIjEixENS0_3inc3sck9incrementE" signature="" line-rate="0.0" branch-rate="0.0">
							<lines>
								<line hits="0" number="17" branch="false"/>
							</lines>
						</method>
						<method name="_ZN3spu6module11IncrementerIhEixENS0_3inc3sck9incrementE" signature="" line-rate="0.0" branch-rate="0.0">
							<lines>
								<line hits="0" number="17" branch="false"/>
							</lines>
						</method>
						<method name="_ZN3spu6module11IncrementerImEixENS0_3inc3sck9incrementE" signature="" line-rate="0.0" branch-rate="0.0">
							<lines>
								<line hits="0" number="17" branch="false"/>
							</lines>
						</method>
						<method name="_ZN3spu6module11IncrementerIsEixENS0_3inc3sck9incrementE" signature="" line-rate="0.0" branch-rate="0.0">
							<lines>
								<line hits="0" number="17" branch="false"/>
							</lines>
						</method>
						<method name="_ZN3spu6module11IncrementerIlEixENS0_3inc3sck9incrementE" signature="" line-rate="0.0" branch-rate="0.0">
							<lines>
								<line hits="0" number="17" branch="false"/>
							</lines>
						</method>
						<method name="_ZN3spu6module11IncrementerIsEixENS0_3inc3sck10incrementfE" signature="" line-rate="0.0" branch-rate="0.0">
							<lines>
								<line hits="0" number="24" branch="false"/>
							</lines>
						</method>
						<method name="_ZN3spu6module11IncrementerItEixENS0_3inc3sck10incrementfE" signature="" line-rate="0.0" branch-rate="0.0">
							<lines>
								<line hits="0" number="24" branch="false"/>
							</lines>
						</method>
						<method name="_ZN3spu6module11IncrementerIhEixENS0_3inc3sck10incrementfE" signature="" line-rate="0.0" branch-rate="0.0">
							<lines>
								<line hits="0" number="24" branch="false"/>
							</lines>
						</method>
						<method name="_ZN3spu6module11IncrementerIaEixENS0_3inc3sck10incrementfE" signature="" line-rate="0.0" branch-rate="0.0">
							<lines>
								<line hits="0" number="24" branch="false"/>
							</lines>
						</method>
						<method name="_ZN3spu6module11IncrementerIfEixENS0_3inc3sck10incrementfE" signature="" line-rate="0.0" branch-rate="0.0">
							<lines>
								<line hits="0" number="24" branch="false"/>
							</lines>
						</method>
						<method name="_ZN3spu6module11IncrementerIjEixENS0_3inc3sck10incrementfE" signature="" line-rate="0.0" branch-rate="0.0">
							<lines>
								<line hits="0" number="24" branch="false"/>
							</lines>
						</method>
						<method name="_ZN3spu6module11IncrementerIdEixENS0_3inc3sck10incrementfE" signature="" line-rate="0.0" branch-rate="0.0">
							<lines>
								<line hits="0" number="24" branch="false"/>
							</lines>
						</method>
						<method name="_ZN3spu6module11IncrementerIiEixENS0_3inc3sck10incrementfE" signature="" line-rate="0.0" branch-rate="0.0">
							<lines>
								<line hits="0" number="24" branch="false"/>
							</lines>
						</method>
						<method name="_ZN3spu6module11IncrementerImEixENS0_3inc3sck10incrementfE" signature="" line-rate="0.0" branch-rate="0.0">
							<lines>
								<line hits="0" number="24" branch="false"/>
							</lines>
						</method>
						<method name="_ZN3spu6module11IncrementerIlEixENS0_3inc3sck10incrementfE" signature="" line-rate="0.0" branch-rate="0.0">
							<lines>
								<line hits="0" number="24" branch="false"/>
							</lines>
						</method>
						<method name="_ZN3spu6module11IncrementerItEixERKNSt7__cxx1112basic_stringIcSt11char_traitsIcESaIcEEE" signature="" line-rate="0.0" branch-rate="0.0">
							<lines>
								<line hits="0" number="31" branch="false"/>
							</lines>
						</method>
						<method name="_ZN3spu6module11IncrementerIjEixERKNSt7__cxx1112basic_stringIcSt11char_traitsIcESaIcEEE" signature="" line-rate="0.0" branch-rate="0.0">
							<lines>
								<line hits="0" number="31" branch="false"/>
							</lines>
						</method>
						<method name="_ZN3spu6module11IncrementerIfEixERKNSt7__cxx1112basic_stringIcSt11char_traitsIcESaIcEEE" signature="" line-rate="0.0" branch-rate="0.0">
							<lines>
								<line hits="0" number="31" branch="false"/>
							</lines>
						</method>
						<method name="_ZN3spu6module11IncrementerIlEixERKNSt7__cxx1112basic_stringIcSt11char_traitsIcESaIcEEE" signature="" line-rate="0.0" branch-rate="0.0">
							<lines>
								<line hits="0" number="31" branch="false"/>
							</lines>
						</method>
						<method name="_ZN3spu6module11IncrementerIaEixERKNSt7__cxx1112basic_stringIcSt11char_traitsIcESaIcEEE" signature="" line-rate="0.0" branch-rate="0.0">
							<lines>
								<line hits="0" number="31" branch="false"/>
							</lines>
						</method>
						<method name="_ZN3spu6module11IncrementerIdEixERKNSt7__cxx1112basic_stringIcSt11char_traitsIcESaIcEEE" signature="" line-rate="0.0" branch-rate="0.0">
							<lines>
								<line hits="0" number="31" branch="false"/>
							</lines>
						</method>
						<method name="_ZN3spu6module11IncrementerIhEixERKNSt7__cxx1112basic_stringIcSt11char_traitsIcESaIcEEE" signature="" line-rate="0.0" branch-rate="0.0">
							<lines>
								<line hits="0" number="31" branch="false"/>
							</lines>
						</method>
						<method name="_ZN3spu6module11IncrementerImEixERKNSt7__cxx1112basic_stringIcSt11char_traitsIcESaIcEEE" signature="" line-rate="0.0" branch-rate="0.0">
							<lines>
								<line hits="0" number="31" branch="false"/>
							</lines>
						</method>
						<method name="_ZN3spu6module11IncrementerIsEixERKNSt7__cxx1112basic_stringIcSt11char_traitsIcESaIcEEE" signature="" line-rate="0.0" branch-rate="0.0">
							<lines>
								<line hits="0" number="31" branch="false"/>
							</lines>
						</method>
						<method name="_ZN3spu6module11IncrementerIiEixERKNSt7__cxx1112basic_stringIcSt11char_traitsIcESaIcEEE" signature="" line-rate="0.0" branch-rate="0.0">
							<lines>
								<line hits="0" number="31" branch="false"/>
							</lines>
						</method>
					</methods>
					<lines>
						<line branch="false" hits="0" number="10"/>
						<line branch="false" hits="0" number="12"/>
						<line branch="false" hits="0" number="17"/>
						<line branch="false" hits="0" number="19"/>
						<line branch="false" hits="0" number="24"/>
						<line branch="false" hits="0" number="26"/>
						<line branch="false" hits="0" number="31"/>
						<line branch="false" hits="0" number="33"/>
					</lines>
				</class>
			</classes>
		</package>
		<package line-rate="0.14285714285714285" branch-rate="0.0" name="include.Module.Stateful.Initializer" complexity="0">
			<classes>
				<class branch-rate="0.0" complexity="0" filename="include/Module/Stateful/Initializer/Initializer.hpp" line-rate="1.0" name="include.Module.Stateful.Initializer.Initializer.hpp">
					<methods>
						<method name="_ZN3spu6module11InitializerItED2Ev" signature="" line-rate="0.0" branch-rate="0.0">
							<lines>
								<line hits="0" number="47" branch="false"/>
							</lines>
						</method>
						<method name="_ZN3spu6module11InitializerIdED2Ev" signature="" line-rate="0.0" branch-rate="0.0">
							<lines>
								<line hits="0" number="47" branch="false"/>
							</lines>
						</method>
						<method name="_ZN3spu6module11InitializerIaED0Ev" signature="" line-rate="0.0" branch-rate="0.0">
							<lines>
								<line hits="0" number="47" branch="false"/>
							</lines>
						</method>
						<method name="_ZN3spu6module11InitializerIfED2Ev" signature="" line-rate="0.0" branch-rate="0.0">
							<lines>
								<line hits="0" number="47" branch="false"/>
							</lines>
						</method>
						<method name="_ZN3spu6module11InitializerIsED0Ev" signature="" line-rate="0.0" branch-rate="0.0">
							<lines>
								<line hits="0" number="47" branch="false"/>
							</lines>
						</method>
						<method name="_ZN3spu6module11InitializerIhED2Ev" signature="" line-rate="1.0" branch-rate="1.0">
							<lines>
								<line hits="71" number="47" branch="false"/>
							</lines>
						</method>
						<method name="_ZN3spu6module11InitializerIjED2Ev" signature="" line-rate="0.0" branch-rate="0.0">
							<lines>
								<line hits="0" number="47" branch="false"/>
							</lines>
						</method>
						<method name="_ZN3spu6module11InitializerIdED0Ev" signature="" line-rate="0.0" branch-rate="0.0">
							<lines>
								<line hits="0" number="47" branch="false"/>
							</lines>
						</method>
						<method name="_ZN3spu6module11InitializerIjED0Ev" signature="" line-rate="0.0" branch-rate="0.0">
							<lines>
								<line hits="0" number="47" branch="false"/>
							</lines>
						</method>
						<method name="_ZN3spu6module11InitializerIfED0Ev" signature="" line-rate="0.0" branch-rate="0.0">
							<lines>
								<line hits="0" number="47" branch="false"/>
							</lines>
						</method>
						<method name="_ZN3spu6module11InitializerIhED0Ev" signature="" line-rate="1.0" branch-rate="1.0">
							<lines>
								<line hits="71" number="47" branch="false"/>
							</lines>
						</method>
						<method name="_ZN3spu6module11InitializerIlED2Ev" signature="" line-rate="0.0" branch-rate="0.0">
							<lines>
								<line hits="0" number="47" branch="false"/>
							</lines>
						</method>
						<method name="_ZN3spu6module11InitializerIaED2Ev" signature="" line-rate="0.0" branch-rate="0.0">
							<lines>
								<line hits="0" number="47" branch="false"/>
							</lines>
						</method>
						<method name="_ZN3spu6module11InitializerIiED0Ev" signature="" line-rate="0.0" branch-rate="0.0">
							<lines>
								<line hits="0" number="47" branch="false"/>
							</lines>
						</method>
						<method name="_ZN3spu6module11InitializerIiED2Ev" signature="" line-rate="0.0" branch-rate="0.0">
							<lines>
								<line hits="0" number="47" branch="false"/>
							</lines>
						</method>
						<method name="_ZN3spu6module11InitializerIsED2Ev" signature="" line-rate="0.0" branch-rate="0.0">
							<lines>
								<line hits="0" number="47" branch="false"/>
							</lines>
						</method>
						<method name="_ZN3spu6module11InitializerImED0Ev" signature="" line-rate="0.0" branch-rate="0.0">
							<lines>
								<line hits="0" number="47" branch="false"/>
							</lines>
						</method>
						<method name="_ZN3spu6module11InitializerImED2Ev" signature="" line-rate="0.0" branch-rate="0.0">
							<lines>
								<line hits="0" number="47" branch="false"/>
							</lines>
						</method>
						<method name="_ZN3spu6module11InitializerItED0Ev" signature="" line-rate="0.0" branch-rate="0.0">
							<lines>
								<line hits="0" number="47" branch="false"/>
							</lines>
						</method>
						<method name="_ZN3spu6module11InitializerIlED0Ev" signature="" line-rate="0.0" branch-rate="0.0">
							<lines>
								<line hits="0" number="47" branch="false"/>
							</lines>
						</method>
					</methods>
					<lines>
						<line branch="false" hits="142" number="47"/>
					</lines>
				</class>
				<class branch-rate="0.0" complexity="0" filename="include/Module/Stateful/Initializer/Initializer.hxx" line-rate="0.0" name="include.Module.Stateful.Initializer.Initializer.hxx">
					<methods>
						<method name="_ZN3spu6module11InitializerItEixENS0_3ini3tskE" signature="" line-rate="0.0" branch-rate="0.0">
							<lines>
								<line hits="0" number="15" branch="false"/>
							</lines>
						</method>
						<method name="_ZN3spu6module11InitializerIsEixENS0_3ini3tskE" signature="" line-rate="0.0" branch-rate="0.0">
							<lines>
								<line hits="0" number="15" branch="false"/>
							</lines>
						</method>
						<method name="_ZN3spu6module11InitializerIaEixENS0_3ini3tskE" signature="" line-rate="0.0" branch-rate="0.0">
							<lines>
								<line hits="0" number="15" branch="false"/>
							</lines>
						</method>
						<method name="_ZN3spu6module11InitializerImEixENS0_3ini3tskE" signature="" line-rate="0.0" branch-rate="0.0">
							<lines>
								<line hits="0" number="15" branch="false"/>
							</lines>
						</method>
						<method name="_ZN3spu6module11InitializerIdEixENS0_3ini3tskE" signature="" line-rate="0.0" branch-rate="0.0">
							<lines>
								<line hits="0" number="15" branch="false"/>
							</lines>
						</method>
						<method name="_ZN3spu6module11InitializerIlEixENS0_3ini3tskE" signature="" line-rate="0.0" branch-rate="0.0">
							<lines>
								<line hits="0" number="15" branch="false"/>
							</lines>
						</method>
						<method name="_ZN3spu6module11InitializerIjEixENS0_3ini3tskE" signature="" line-rate="0.0" branch-rate="0.0">
							<lines>
								<line hits="0" number="15" branch="false"/>
							</lines>
						</method>
						<method name="_ZN3spu6module11InitializerIiEixENS0_3ini3tskE" signature="" line-rate="0.0" branch-rate="0.0">
							<lines>
								<line hits="0" number="15" branch="false"/>
							</lines>
						</method>
						<method name="_ZN3spu6module11InitializerIhEixENS0_3ini3tskE" signature="" line-rate="0.0" branch-rate="0.0">
							<lines>
								<line hits="0" number="15" branch="false"/>
							</lines>
						</method>
						<method name="_ZN3spu6module11InitializerIfEixENS0_3ini3tskE" signature="" line-rate="0.0" branch-rate="0.0">
							<lines>
								<line hits="0" number="15" branch="false"/>
							</lines>
						</method>
						<method name="_ZN3spu6module11InitializerImEixENS0_3ini3sck10initializeE" signature="" line-rate="0.0" branch-rate="0.0">
							<lines>
								<line hits="0" number="22" branch="false"/>
							</lines>
						</method>
						<method name="_ZN3spu6module11InitializerIlEixENS0_3ini3sck10initializeE" signature="" line-rate="0.0" branch-rate="0.0">
							<lines>
								<line hits="0" number="22" branch="false"/>
							</lines>
						</method>
						<method name="_ZN3spu6module11InitializerIjEixENS0_3ini3sck10initializeE" signature="" line-rate="0.0" branch-rate="0.0">
							<lines>
								<line hits="0" number="22" branch="false"/>
							</lines>
						</method>
[...]
						<line branch="false" hits="154" number="385"/>
						<line branch="false" hits="154" number="386"/>
						<line branch="false" hits="154" number="387"/>
						<line branch="false" hits="14" number="390"/>
						<line branch="false" hits="98" number="392"/>
						<line branch="false" hits="84" number="393"/>
						<line branch="false" hits="14" number="394"/>
						<line branch="false" hits="56" number="397"/>
						<line branch="false" hits="238" number="399"/>
						<line branch="false" hits="182" number="401"/>
						<line branch="false" hits="0" number="403"/>
						<line branch="false" hits="0" number="404"/>
						<line branch="false" hits="0" number="405"/>
						<line branch="false" hits="182" number="407"/>
						<line branch="false" hits="56" number="409"/>
					</lines>
				</class>
			</classes>
		</package>
		<package line-rate="0.3333333333333333" branch-rate="0.0" name="src.Tools.Reporter" complexity="0">
			<classes>
				<class branch-rate="0.0" complexity="0" filename="src/Tools/Reporter/Reporter.cpp" line-rate="0.3333333333333333" name="src.Tools.Reporter.Reporter.cpp">
					<methods>
						<method name="_ZN3spu5tools8Reporter4initEv" signature="" line-rate="0.0" branch-rate="0.0">
							<lines>
								<line hits="0" number="7" branch="false"/>
							</lines>
						</method>
						<method name="_ZNK3spu5tools8Reporter10get_groupsB5cxx11Ev" signature="" line-rate="1.0" branch-rate="1.0">
							<lines>
								<line hits="644" number="12" branch="false"/>
							</lines>
						</method>
						<method name="_ZN3spu5tools8Reporter5resetEv" signature="" line-rate="0.0" branch-rate="0.0">
							<lines>
								<line hits="0" number="18" branch="false"/>
							</lines>
						</method>
					</methods>
					<lines>
						<line branch="false" hits="0" number="7"/>
						<line branch="false" hits="0" number="9"/>
						<line branch="false" hits="644" number="12"/>
						<line branch="false" hits="644" number="14"/>
						<line branch="false" hits="0" number="18"/>
						<line branch="false" hits="0" number="20"/>
					</lines>
				</class>
			</classes>
		</package>
		<package line-rate="0.3548387096774194" branch-rate="0.0" name="src.Tools.Signal_handler" complexity="0">
			<classes>
				<class branch-rate="0.0" complexity="0" filename="src/Tools/Signal_handler/Signal_handler.cpp" line-rate="0.3548387096774194" name="src.Tools.Signal_handler.Signal_handler.cpp">
					<methods>
						<method name="_Z21signal_sigint_handleriP9siginfo_tPv" signature="" line-rate="0.0" branch-rate="0.0">
							<lines>
								<line hits="0" number="147" branch="false"/>
							</lines>
						</method>
						<method name="_ZN3spu5tools14Signal_handler4initEv" signature="" line-rate="1.0" branch-rate="1.0">
							<lines>
								<line hits="168" number="176" branch="false"/>
							</lines>
						</method>
						<method name="_ZN3spu5tools14Signal_handler9is_sigintEv" signature="" line-rate="1.0" branch-rate="1.0">
							<lines>
								<line hits="592893" number="208" branch="false"/>
							</lines>
						</method>
						<method name="_ZN3spu5tools14Signal_handler12reset_sigintEv" signature="" line-rate="1.0" branch-rate="1.0">
							<lines>
								<line hits="715" number="214" branch="false"/>
							</lines>
						</method>
						<method name="_ZN3spu5tools14Signal_handler10is_sigsegvEv" signature="" line-rate="0.0" branch-rate="0.0">
							<lines>
								<line hits="0" number="220" branch="false"/>
							</lines>
						</method>
						<method name="_ZN3spu5tools14Signal_handler13reset_sigsegvEv" signature="" line-rate="0.0" branch-rate="0.0">
							<lines>
								<line hits="0" number="226" branch="false"/>
							</lines>
						</method>
					</methods>
					<lines>
						<line branch="false" hits="0" number="147"/>
						<line branch="false" hits="0" number="150"/>
						<line branch="false" hits="0" number="153"/>
						<line branch="false" hits="0" number="154"/>
						<line branch="false" hits="0" number="155"/>
						<line branch="false" hits="0" number="156"/>
						<line branch="false" hits="0" number="157"/>
						<line branch="false" hits="0" number="161"/>
						<line branch="false" hits="0" number="162"/>
						<line branch="false" hits="0" number="165"/>
						<line branch="false" hits="0" number="166"/>
						<line branch="false" hits="0" number="167"/>
						<line branch="false" hits="0" number="169"/>
						<line branch="false" hits="0" number="171"/>
						<line branch="false" hits="0" number="173"/>
						<line branch="false" hits="168" number="176"/>
						<line branch="false" hits="168" number="198"/>
						<line branch="false" hits="168" number="199"/>
						<line branch="false" hits="168" number="200"/>
						<line branch="false" hits="168" number="201"/>
						<line branch="false" hits="168" number="204"/>
						<line branch="false" hits="592893" number="208"/>
						<line branch="false" hits="592893" number="210"/>
						<line branch="false" hits="715" number="214"/>
						<line branch="false" hits="715" number="216"/>
						<line branch="false" hits="715" number="217"/>
						<line branch="false" hits="0" number="220"/>
						<line branch="false" hits="0" number="222"/>
						<line branch="false" hits="0" number="226"/>
						<line branch="false" hits="0" number="228"/>
						<line branch="false" hits="0" number="229"/>
					</lines>
				</class>
			</classes>
		</package>
		<package line-rate="1.0" branch-rate="0.0" name="src.Tools.System" complexity="0">
			<classes>
				<class branch-rate="0.0" complexity="0" filename="src/Tools/System/memory.cpp" line-rate="1.0" name="src.Tools.System.memory.cpp">
					<methods>
						<method name="_ZN3spu5toolsL17mem_alloc_alignedEmm" signature="" line-rate="1.0" branch-rate="1.0">
							<lines>
								<line hits="19121" number="10" branch="false"/>
							</lines>
						</method>
						<method name="_ZN3spu5tools9mem_allocEm" signature="" line-rate="1.0" branch-rate="1.0">
							<lines>
								<line hits="19121" number="34" branch="false"/>
							</lines>
						</method>
						<method name="_ZN3spu5tools8mem_freeEPv" signature="" line-rate="1.0" branch-rate="1.0">
							<lines>
								<line hits="19121" number="44" branch="false"/>
							</lines>
						</method>
					</methods>
					<lines>
						<line branch="false" hits="19121" number="10"/>
						<line branch="false" hits="19121" number="12"/>
						<line branch="false" hits="19121" number="16"/>
						<line branch="false" hits="19121" number="30"/>
						<line branch="false" hits="19121" number="34"/>
						<line branch="false" hits="19121" number="36"/>
						<line branch="false" hits="19121" number="40"/>
						<line branch="false" hits="19121" number="44"/>
						<line branch="false" hits="19121" number="47"/>
						<line branch="false" hits="19121" number="55"/>
					</lines>
				</class>
			</classes>
		</package>
		<package line-rate="0.40816326530612246" branch-rate="0.0" name="src.Tools.Thread_pinning" complexity="0">
			<classes>
				<class branch-rate="0.0" complexity="0" filename="src/Tools/Thread_pinning/Thread_pinning.cpp" line-rate="0.23255813953488372" name="src.Tools.Thread_pinning.Thread_pinning.cpp">
					<methods>
						<method name="_ZN3spu5tools14Thread_pinning4initEv" signature="" line-rate="0.0" branch-rate="0.0">
							<lines>
								<line hits="0" number="29" branch="false"/>
							</lines>
						</method>
						<method name="_ZN3spu5tools14Thread_pinning7destroyEv" signature="" line-rate="0.0" branch-rate="0.0">
							<lines>
								<line hits="0" number="61" branch="false"/>
							</lines>
						</method>
						<method name="_ZN3spu5tools14Thread_pinning8set_logsEb" signature="" line-rate="0.0" branch-rate="0.0">
							<lines>
								<line hits="0" number="80" branch="false"/>
							</lines>
						</method>
						<method name="_ZN3spu5tools14Thread_pinning7is_logsEv" signature="" line-rate="0.0" branch-rate="0.0">
							<lines>
								<line hits="0" number="88" branch="false"/>
							</lines>
						</method>
						<method name="_ZN3spu5tools14Thread_pinning3pinEm" signature="" line-rate="0.0" branch-rate="0.0">
							<lines>
								<line hits="0" number="94" branch="false"/>
							</lines>
						</method>
						<method name="_ZN3spu5tools14Thread_pinning3pinENSt7__cxx1112basic_stringIcSt11char_traitsIcESaIcEEE" signature="" line-rate="1.0" branch-rate="1.0">
							<lines>
								<line hits="220" number="160" branch="false"/>
							</lines>
						</method>
						<method name="_ZN3spu5tools14Thread_pinning5unpinEv" signature="" line-rate="1.0" branch-rate="1.0">
							<lines>
								<line hits="194" number="241" branch="false"/>
							</lines>
						</method>
						<method name="_ZN3spu5tools14Thread_pinning18get_cur_cpuset_strB5cxx11Ev" signature="" line-rate="0.0" branch-rate="0.0">
							<lines>
								<line hits="0" number="278" branch="false"/>
							</lines>
						</method>
					</methods>
					<lines>
						<line branch="false" hits="0" number="29"/>
						<line branch="false" hits="0" number="31"/>
						<line branch="false" hits="0" number="33"/>
						<line branch="false" hits="0" number="34"/>
						<line branch="false" hits="0" number="36"/>
						<line branch="false" hits="0" number="56"/>
						<line branch="false" hits="0" number="58"/>
						<line branch="false" hits="0" number="61"/>
						<line branch="false" hits="0" number="63"/>
						<line branch="false" hits="0" number="65"/>
						<line branch="false" hits="0" number="66"/>
						<line branch="false" hits="0" number="73"/>
						<line branch="false" hits="0" number="75"/>
						<line branch="false" hits="0" number="77"/>
						<line branch="false" hits="0" number="80"/>
						<line branch="false" hits="0" number="82"/>
						<line branch="false" hits="0" number="83"/>
						<line branch="false" hits="0" number="84"/>
						<line branch="false" hits="0" number="85"/>
						<line branch="false" hits="0" number="88"/>
						<line branch="false" hits="0" number="90"/>
						<line branch="false" hits="0" number="94"/>
						<line branch="false" hits="0" number="96"/>
						<line branch="false" hits="0" number="150"/>
						<line branch="false" hits="0" number="152"/>
						<line branch="false" hits="0" number="155"/>
						<line branch="false" hits="0" number="156"/>
						<line branch="false" hits="220" number="160"/>
						<line branch="false" hits="220" number="162"/>
						<line branch="false" hits="220" number="232"/>
						<line branch="false" hits="0" number="234"/>
						<line branch="false" hits="220" number="237"/>
						<line branch="false" hits="220" number="238"/>
						<line branch="false" hits="194" number="241"/>
						<line branch="false" hits="194" number="243"/>
						<line branch="false" hits="194" number="269"/>
						<line branch="false" hits="0" number="271"/>
						<line branch="false" hits="194" number="274"/>
						<line branch="false" hits="194" number="275"/>
						<line branch="false" hits="0" number="278"/>
						<line branch="false" hits="0" number="293"/>
						<line branch="false" hits="0" number="294"/>
						<line branch="false" hits="0" number="295"/>
					</lines>
				</class>
				<class branch-rate="0.0" complexity="0" filename="src/Tools/Thread_pinning/Thread_pinning_utils.cpp" line-rate="0.5454545454545454" name="src.Tools.Thread_pinning.Thread_pinning_utils.cpp">
					<methods>
						<method name="_ZN3spu5tools20Thread_pinning_utils24pipeline_parser_unpackerERKNSt7__cxx1112basic_stringIcSt11char_traitsIcESaIcEEEm" signature="" line-rate="1.0" branch-rate="1.0">
							<lines>
								<line hits="11" number="21" branch="false"/>
							</lines>
						</method>
						<method name="_ZN3spu5tools20Thread_pinning_utils21stage_parser_unpackerERKNSt7__cxx1112basic_stringIcSt11char_traitsIcESaIcEEEm" signature="" line-rate="1.0" branch-rate="1.0">
							<lines>
								<line hits="26" number="61" branch="false"/>
							</lines>
						</method>
						<method name="_ZN3spu5tools20Thread_pinning_utils13thread_parserERKNSt7__cxx1112basic_stringIcSt11char_traitsIcESaIcEEE" signature="" line-rate="0.0" branch-rate="0.0">
							<lines>
								<line hits="0" number="98" branch="false"/>
							</lines>
						</method>
					</methods>
					<lines>
						<line branch="false" hits="11" number="21"/>
						<line branch="false" hits="11" number="23"/>
						<line branch="false" hits="22" number="24"/>
						<line branch="false" hits="11" number="25"/>
						<line branch="false" hits="250" number="28"/>
						<line branch="false" hits="239" number="30"/>
						<line branch="false" hits="15" number="32"/>
						<line branch="false" hits="15" number="33"/>
						<line branch="false" hits="224" number="35"/>
						<line branch="false" hits="179" number="37"/>
						<line branch="false" hits="239" number="39"/>
						<line branch="false" hits="11" number="41"/>
						<line branch="false" hits="11" number="44"/>
						<line branch="false" hits="0" number="46"/>
						<line branch="false" hits="0" number="47"/>
						<line branch="false" hits="11" number="49"/>
						<line branch="false" hits="0" number="51"/>
						<line branch="false" hits="0" number="52"/>
						<line branch="false" hits="0" number="53"/>
						<line branch="false" hits="0" number="54"/>
						<line branch="false" hits="22" number="57"/>
						<line branch="false" hits="26" number="61"/>
						<line branch="false" hits="26" number="63"/>
						<line branch="false" hits="52" number="64"/>
						<line branch="false" hits="26" number="65"/>
						<line branch="false" hits="205" number="66"/>
						<line branch="false" hits="179" number="68"/>
						<line branch="false" hits="15" number="70"/>
						<line branch="false" hits="15" number="71"/>
						<line branch="false" hits="164" number="73"/>
						<line branch="false" hits="164" number="75"/>
						<line branch="false" hits="179" number="77"/>
						<line branch="false" hits="26" number="79"/>
						<line branch="false" hits="26" number="82"/>
						<line branch="false" hits="0" number="84"/>
						<line branch="false" hits="0" number="85"/>
						<line branch="false" hits="26" number="87"/>
						<line branch="false" hits="0" number="89"/>
						<line branch="false" hits="0" number="90"/>
						<line branch="false" hits="0" number="91"/>
						<line branch="false" hits="0" number="92"/>
						<line branch="false" hits="52" number="94"/>
						<line branch="false" hits="0" number="98"/>
						<line branch="false" hits="0" number="100"/>
						<line branch="false" hits="0" number="101"/>
						<line branch="false" hits="0" number="102"/>
						<line branch="false" hits="0" number="104"/>
						<line branch="false" hits="0" number="106"/>
						<line branch="false" hits="0" number="108"/>
						<line branch="false" hits="0" number="109"/>
						<line branch="false" hits="0" number="111"/>
						<line branch="false" hits="0" number="113"/>
						<line branch="false" hits="0" number="115"/>
						<line branch="false" hits="0" number="117"/>
						<line branch="false" hits="0" number="118"/>
					</lines>
				</class>
			</classes>
		</package>
		<package line-rate="0.32786885245901637" branch-rate="0.0" name="src.Tools" complexity="0">
			<classes>
				<class branch-rate="0.0" complexity="0" filename="src/Tools/compute_bytes.cpp" line-rate="0.5882352941176471" name="src.Tools.compute_bytes.cpp">
					<methods>
						<method name="_ZN3spu5tools13compute_bytesEmSt10type_index" signature="" line-rate="1.0" branch-rate="1.0">
							<lines>
								<line hits="465" number="8" branch="false"/>
							</lines>
						</method>
						<method name="_ZN3spu5tools13compute_bytesERKSt6vectorImSaImEERKS1_ISt10type_indexSaIS6_EE" signature="" line-rate="1.0" branch-rate="1.0">
							<lines>
								<line hits="196" number="39" branch="false"/>
							</lines>
						</method>
					</methods>
					<lines>
						<line branch="false" hits="465" number="8"/>
						<line branch="false" hits="465" number="10"/>
						<line branch="false" hits="3" number="11"/>
						<line branch="false" hits="462" number="12"/>
						<line branch="false" hits="342" number="13"/>
						<line branch="false" hits="120" number="14"/>
						<line branch="false" hits="0" number="15"/>
						<line branch="false" hits="120" number="16"/>
						<line branch="false" hits="0" number="17"/>
						<line branch="false" hits="120" number="18"/>
						<line branch="false" hits="26" number="19"/>
						<line branch="false" hits="94" number="20"/>
						<line branch="false" hits="78" number="21"/>
						<line branch="false" hits="16" number="22"/>
						<line branch="false" hits="0" number="23"/>
						<line branch="false" hits="16" number="24"/>
						<line branch="false" hits="16" number="25"/>
						<line branch="false" hits="0" number="26"/>
						<line branch="false" hits="0" number="27"/>
						<line branch="false" hits="0" number="28"/>
						<line branch="false" hits="0" number="29"/>
						<line branch="false" hits="0" number="32"/>
						<line branch="false" hits="0" number="33"/>
						<line branch="false" hits="0" number="34"/>
						<line branch="false" hits="196" number="39"/>
						<line branch="false" hits="196" number="41"/>
						<line branch="false" hits="0" number="43"/>
						<line branch="false" hits="0" number="44"/>
						<line branch="false" hits="0" number="45"/>
						<line branch="false" hits="0" number="46"/>
						<line branch="false" hits="196" number="49"/>
						<line branch="false" hits="535" number="50"/>
						<line branch="false" hits="339" number="51"/>
						<line branch="false" hits="196" number="52"/>
					</lines>
				</class>
				<class branch-rate="0.0" complexity="0" filename="src/Tools/system_functions.cpp" line-rate="0.0" name="src.Tools.system_functions.cpp">
					<methods>
						<method name="_ZN3spu5tools18run_system_commandENSt7__cxx1112basic_stringIcSt11char_traitsIcESaIcEEE" signature="" line-rate="0.0" branch-rate="0.0">
							<lines>
								<line hits="0" number="27" branch="false"/>
							</lines>
						</method>
						<method name="_ZN3spu5tools15get_binary_pathB5cxx11Ev" signature="" line-rate="0.0" branch-rate="0.0">
							<lines>
								<line hits="0" number="63" branch="false"/>
							</lines>
						</method>
						<method name="_ZN3spu5tools10split_pathERKNSt7__cxx1112basic_stringIcSt11char_traitsIcESaIcEEERS6_S9_" signature="" line-rate="0.0" branch-rate="0.0">
							<lines>
								<line hits="0" number="113" branch="false"/>
							</lines>
						</method>
					</methods>
					<lines>
						<line branch="false" hits="0" number="27"/>
						<line branch="false" hits="0" number="29"/>
						<line branch="false" hits="0" number="31"/>
						<line branch="false" hits="0" number="35"/>
						<line branch="false" hits="0" number="42"/>
						<line branch="false" hits="0" number="44"/>
						<line branch="false" hits="0" number="46"/>
						<line branch="false" hits="0" number="47"/>
						<line branch="false" hits="0" number="51"/>
						<line branch="false" hits="0" number="57"/>
						<line branch="false" hits="0" number="59"/>
						<line branch="false" hits="0" number="63"/>
						<line branch="false" hits="0" number="65"/>
						<line branch="false" hits="0" number="68"/>
						<line branch="false" hits="0" number="73"/>
						<line branch="false" hits="0" number="75"/>
						<line branch="false" hits="0" number="77"/>
						<line branch="false" hits="0" number="78"/>
						<line branch="false" hits="0" number="79"/>
						<line branch="false" hits="0" number="81"/>
						<line branch="false" hits="0" number="82"/>
						<line branch="false" hits="0" number="109"/>
						<line branch="false" hits="0" number="113"/>
						<line branch="false" hits="0" number="116"/>
						<line branch="false" hits="0" number="117"/>
						<line branch="false" hits="0" number="118"/>
						<line branch="false" hits="0" number="119"/>
					</lines>
				</class>
			</classes>
		</package>
	</packages>
</coverage>
